La génération a démarré 2017-03-30 18:05:58.
     1>Projet "C:\Users\CLFAL9\Dropbox\Projet_CPP\HMI_Project_3D_L8\MyoArmBand_JACO\MyoArmBand_JACO.vcxproj" sur le nœud 2 (Rebuild cible(s)).
     1>C:\Program Files (x86)\MSBuild\Microsoft.Cpp\v4.0\V120\Microsoft.CppBuild.targets(381,5): warning MSB8028: The intermediate directory (Debug\) contains files shared from another project (Control_IMU_2.0.vcxproj, HMI_Project_IMU_NODE.vcxproj).  This can lead to incorrect clean and rebuild behavior.
     1>ClCompile:
         C:\Program Files (x86)\Microsoft Visual Studio 12.0\VC\bin\CL.exe /c /IC:\Users\Etudiant\Dropbox\Projet_CPP\Projet_ALGO_CPP_0208_Alex\Projet_ALGO_CPP_0208_Alex\MyoArmBand_JACO /AI"C:\Program Files (x86)\Reference Assemblies\Microsoft\Framework\.NETFramework\v4.0" /AI"C:\Program Files (x86)\Windows Kits\8.1\References\CommonConfiguration\Neutral" /Zi /clr /nologo /W3 /WX- /Od /Oy- /D WIN32 /D _DEBUG /D _USING_V110_SDK71_ /D _UNICODE /D UNICODE /EHa /MDd /GS /fp:precise /Zc:wchar_t /Zc:forScope /Fo"Debug\\" /Fd"Debug\vc120.pdb" /TP /FU"C:\Program Files (x86)\Reference Assemblies\Microsoft\Framework\.NETFramework\v4.0\mscorlib.dll" /FU"C:\Program Files (x86)\Reference Assemblies\Microsoft\Framework\.NETFramework\v4.0\System.Data.dll" /FU"C:\Program Files (x86)\Reference Assemblies\Microsoft\Framework\.NETFramework\v4.0\System.dll" /FU"C:\Program Files (x86)\Reference Assemblies\Microsoft\Framework\.NETFramework\v4.0\System.Drawing.dll" /FU"C:\Program Files (x86)\Reference Assemblies\Microsoft\Framework\.NETFramework\v4.0\System.Windows.Forms.dll" /FU"C:\Program Files (x86)\Reference Assemblies\Microsoft\Framework\.NETFramework\v4.0\System.Xml.dll" /analyze- /errorReport:prompt /clr:nostdlib Main.cpp Robot_IMU_Control.cpp
         Main.cpp
     1>c:\users\clfal9\dropbox\projet_cpp\hmi_project_3d_l8\myoarmband_jaco\Defined_Macro.h(27): warning C4005: 'M_PI' : redéfinition de macro
                 C:\Program Files (x86)\Microsoft Visual Studio 12.0\VC\include\math.h(1298) : voir la définition précédente de 'M_PI'
     1>c:\users\clfal9\dropbox\projet_cpp\hmi_project_3d_l8\myoarmband_jaco\Robot_IMU_Control.h(138): warning C4244: '=' : conversion de 'double' en 'float', perte possible de données
     1>c:\users\clfal9\dropbox\projet_cpp\hmi_project_3d_l8\myoarmband_jaco\Robot_IMU_Control.h(145): warning C4244: '=' : conversion de 'double' en 'float', perte possible de données
     1>c:\users\clfal9\dropbox\projet_cpp\hmi_project_3d_l8\myoarmband_jaco\Robot_IMU_Control.h(188): warning C4244: '=' : conversion de 'double' en 'float', perte possible de données
     1>c:\users\clfal9\dropbox\projet_cpp\hmi_project_3d_l8\myoarmband_jaco\Robot_IMU_Control.h(323): warning C4244: '=' : conversion de 'double' en 'float', perte possible de données
     1>c:\users\clfal9\dropbox\projet_cpp\hmi_project_3d_l8\myoarmband_jaco\Robot_IMU_Control.h(327): warning C4244: '=' : conversion de 'double' en 'float', perte possible de données
     1>c:\users\clfal9\dropbox\projet_cpp\hmi_project_3d_l8\myoarmband_jaco\Robot_IMU_Control.h(348): warning C4244: '=' : conversion de 'double' en 'float', perte possible de données
     1>c:\users\clfal9\dropbox\projet_cpp\hmi_project_3d_l8\myoarmband_jaco\Robot_IMU_Control.h(352): warning C4244: '=' : conversion de 'double' en 'float', perte possible de données
     1>c:\users\clfal9\dropbox\projet_cpp\hmi_project_3d_l8\myoarmband_jaco\Robot_IMU_Control.h(356): warning C4244: '=' : conversion de 'double' en 'float', perte possible de données
     1>c:\users\clfal9\dropbox\projet_cpp\hmi_project_3d_l8\myoarmband_jaco\Robot_IMU_Control.h(357): warning C4244: '=' : conversion de 'double' en 'float', perte possible de données
     1>c:\users\clfal9\dropbox\projet_cpp\hmi_project_3d_l8\myoarmband_jaco\Robot_IMU_Control.h(419): warning C4244: '=' : conversion de 'int' en 'float', perte possible de données
     1>c:\users\clfal9\dropbox\projet_cpp\hmi_project_3d_l8\myoarmband_jaco\Robot_IMU_Control.h(420): warning C4244: '=' : conversion de 'int' en 'float', perte possible de données
     1>c:\users\clfal9\dropbox\projet_cpp\hmi_project_3d_l8\myoarmband_jaco\Robot_IMU_Control.h(427): warning C4305: '-=' : troncation de 'double' à 'float'
     1>c:\users\clfal9\dropbox\projet_cpp\hmi_project_3d_l8\myoarmband_jaco\Robot_IMU_Control.h(429): warning C4305: '+=' : troncation de 'double' à 'float'
     1>c:\users\clfal9\dropbox\projet_cpp\hmi_project_3d_l8\myoarmband_jaco\Robot_IMU_Control.h(431): warning C4305: '+=' : troncation de 'double' à 'float'
     1>c:\users\clfal9\dropbox\projet_cpp\hmi_project_3d_l8\myoarmband_jaco\Robot_IMU_Control.h(436): warning C4244: 'return' : conversion de 'double' en 'float', perte possible de données
     1>c:\users\clfal9\dropbox\projet_cpp\hmi_project_3d_l8\myoarmband_jaco\Robot_IMU_Control.h(441): warning C4244: 'return' : conversion de 'double' en 'float', perte possible de données
         Robot_IMU_Control.cpp
     1>c:\users\clfal9\dropbox\projet_cpp\hmi_project_3d_l8\myoarmband_jaco\Robot_IMU_Control.h(138): warning C4244: '=' : conversion de 'double' en 'float', perte possible de données
     1>c:\users\clfal9\dropbox\projet_cpp\hmi_project_3d_l8\myoarmband_jaco\Robot_IMU_Control.h(145): warning C4244: '=' : conversion de 'double' en 'float', perte possible de données
     1>c:\users\clfal9\dropbox\projet_cpp\hmi_project_3d_l8\myoarmband_jaco\Robot_IMU_Control.h(188): warning C4244: '=' : conversion de 'double' en 'float', perte possible de données
     1>c:\users\clfal9\dropbox\projet_cpp\hmi_project_3d_l8\myoarmband_jaco\Robot_IMU_Control.h(323): warning C4244: '=' : conversion de 'double' en 'float', perte possible de données
     1>c:\users\clfal9\dropbox\projet_cpp\hmi_project_3d_l8\myoarmband_jaco\Robot_IMU_Control.h(327): warning C4244: '=' : conversion de 'double' en 'float', perte possible de données
     1>c:\users\clfal9\dropbox\projet_cpp\hmi_project_3d_l8\myoarmband_jaco\Robot_IMU_Control.h(348): warning C4244: '=' : conversion de 'double' en 'float', perte possible de données
     1>c:\users\clfal9\dropbox\projet_cpp\hmi_project_3d_l8\myoarmband_jaco\Robot_IMU_Control.h(352): warning C4244: '=' : conversion de 'double' en 'float', perte possible de données
     1>c:\users\clfal9\dropbox\projet_cpp\hmi_project_3d_l8\myoarmband_jaco\Robot_IMU_Control.h(356): warning C4244: '=' : conversion de 'double' en 'float', perte possible de données
     1>c:\users\clfal9\dropbox\projet_cpp\hmi_project_3d_l8\myoarmband_jaco\Robot_IMU_Control.h(357): warning C4244: '=' : conversion de 'double' en 'float', perte possible de données
     1>c:\users\clfal9\dropbox\projet_cpp\hmi_project_3d_l8\myoarmband_jaco\Robot_IMU_Control.h(419): warning C4244: '=' : conversion de 'int' en 'float', perte possible de données
     1>c:\users\clfal9\dropbox\projet_cpp\hmi_project_3d_l8\myoarmband_jaco\Robot_IMU_Control.h(420): warning C4244: '=' : conversion de 'int' en 'float', perte possible de données
     1>c:\users\clfal9\dropbox\projet_cpp\hmi_project_3d_l8\myoarmband_jaco\Robot_IMU_Control.h(427): warning C4305: '-=' : troncation de 'double' à 'float'
     1>c:\users\clfal9\dropbox\projet_cpp\hmi_project_3d_l8\myoarmband_jaco\Robot_IMU_Control.h(429): warning C4305: '+=' : troncation de 'double' à 'float'
     1>c:\users\clfal9\dropbox\projet_cpp\hmi_project_3d_l8\myoarmband_jaco\Robot_IMU_Control.h(431): warning C4305: '+=' : troncation de 'double' à 'float'
     1>c:\users\clfal9\dropbox\projet_cpp\hmi_project_3d_l8\myoarmband_jaco\Robot_IMU_Control.h(436): warning C4244: 'return' : conversion de 'double' en 'float', perte possible de données
     1>c:\users\clfal9\dropbox\projet_cpp\hmi_project_3d_l8\myoarmband_jaco\Robot_IMU_Control.h(441): warning C4244: 'return' : conversion de 'double' en 'float', perte possible de données
     1>Robot_IMU_Control.cpp(3): warning C4305: 'initialisation' : troncation de 'double' à 'const float'
     1>Robot_IMU_Control.cpp(4): warning C4305: 'initialisation' : troncation de 'double' à 'const float'
     1>Robot_IMU_Control.cpp(5): warning C4305: 'initialisation' : troncation de 'double' à 'const float'
     1>Robot_IMU_Control.cpp(6): warning C4305: 'initialisation' : troncation de 'double' à 'const float'
         Génération de code en cours...
         C:\Program Files (x86)\Microsoft Visual Studio 12.0\VC\bin\CL.exe /c /IC:\Users\Etudiant\Dropbox\Projet_CPP\Projet_ALGO_CPP_0208_Alex\Projet_ALGO_CPP_0208_Alex\MyoArmBand_JACO /Zi /clr /nologo /W3 /WX- /Od /Oy- /D WIN32 /D _DEBUG /D _USING_V110_SDK71_ /D _UNICODE /D UNICODE /EHa /MDd /GS /fp:precise /Zc:wchar_t /Zc:forScope /Fo"Debug\\" /Fd"Debug\vc120.pdb" /TP /analyze- /errorReport:prompt "C:\Users\CLFAL9\AppData\Local\Temp\.NETFramework,Version=v4.0.AssemblyAttributes.cpp"
         .NETFramework,Version=v4.0.AssemblyAttributes.cpp
       Link:
         C:\Program Files (x86)\Microsoft Visual Studio 12.0\VC\bin\link.exe /ERRORREPORT:PROMPT /OUT:"C:\Users\CLFAL9\Dropbox\Projet_CPP\HMI_Project_3D_L8\Debug\HMI_Project_3D.exe" /INCREMENTAL /NOLOGO kernel32.lib user32.lib gdi32.lib winspool.lib comdlg32.lib advapi32.lib shell32.lib ole32.lib oleaut32.lib uuid.lib odbc32.lib odbccp32.lib /MANIFEST /MANIFESTUAC:"level='asInvoker' uiAccess='false'" /manifest:embed /DEBUG /PDB:"C:\Users\CLFAL9\Dropbox\Projet_CPP\HMI_Project_3D_L8\Debug\HMI_Project_3D.pdb" /ASSEMBLYDEBUG /TLBID:1 /ENTRY:"main" /DYNAMICBASE /FIXED:NO /NXCOMPAT /MACHINE:X86 Debug\Main.obj
         Debug\Robot_IMU_Control.obj
         "Debug\.NETFramework,Version=v4.0.AssemblyAttributes.obj"
         MyoArmBand_JACO.vcxproj -> C:\Users\CLFAL9\Dropbox\Projet_CPP\HMI_Project_3D_L8\Debug\HMI_Project_3D.exe
     1>Génération du projet "C:\Users\CLFAL9\Dropbox\Projet_CPP\HMI_Project_3D_L8\MyoArmBand_JACO\MyoArmBand_JACO.vcxproj" terminée (Rebuild cible(s)).

La génération a réussi.

Temps écoulé 00:00:01.66
