2017-04-06 14:33:42.397 Info   Starting JoyToKey Ver5.8.2
2017-04-06 14:33:42.397 Info   ExeFile=C:\Users\CLFAL9\Dropbox\Projet_CPP\HMI_Project_3D_L8\MyoArmBand_JACO\XBOX\JoyToKey.exe
2017-04-06 14:33:42.397 Info   ConfigDir=C:\Users\CLFAL9\Dropbox\Projet_CPP\HMI_Project_3D_L8\MyoArmBand_JACO\XBOX\
2017-04-06 14:33:42.397 Info   IniFile=C:\Users\CLFAL9\Dropbox\Projet_CPP\HMI_Project_3D_L8\MyoArmBand_JACO\XBOX\JoyToKey.ini
2017-04-06 14:33:42.397 Info   Windows Version = 6.1
2017-04-06 14:33:42.398 Error  Failed to load VistaAPI.dll (Utils\Utils.cpp#212)
2017-04-06 14:33:42.399 Info   LicenseKey "" is not valid
2017-04-06 14:33:42.465 Info   Loading XInput1_3.dll (Joystick.cpp#126)
2017-04-06 14:33:42.466 Error  Could not load XInput1_3.dll. Trying to load XInput1_4.dll... (Joystick.cpp#130)
2017-04-06 14:33:42.466 Error  Could not load XInput1_4.dll (Joystick.cpp#134)
2017-04-06 14:33:42.470 Info   0 joysticks are detected (Joystick.cpp#166)
2017-04-06 14:33:42.470 Info   ConfigDir=C:\Users\CLFAL9\Dropbox\Projet_CPP\HMI_Project_3D_L8\MyoArmBand_JACO\XBOX\*.cfg (ConfigFileManager.cpp#43)
2017-04-06 14:33:42.472 Info   Failed to find AppLink.dat (AppLink\AppLinkManager.cpp#32)
2017-04-06 14:33:42.483 Info   TimerInit: Initializing timer with x1 speed mode (interval = 16 msec)
2017-04-06 14:33:42.519 Info   Starting in a minimized mode (JoyToKey.cpp#36)
2017-04-06 15:40:05.880 Error  The handle is invalid.
 (Utils\Utils.cpp#459)
2017-04-06 15:41:10.379 Error  Only part of a ReadProcessMemory or WriteProcessMemory request was completed.
 (Utils\Utils.cpp#459)
2017-04-06 15:42:24.334 Error  Only part of a ReadProcessMemory or WriteProcessMemory request was completed.
 (Utils\Utils.cpp#459)
2017-04-06 15:42:25.646 Error  Only part of a ReadProcessMemory or WriteProcessMemory request was completed.
 (Utils\Utils.cpp#459)
2017-04-06 15:44:05.362 Error  Only part of a ReadProcessMemory or WriteProcessMemory request was completed.
 (Utils\Utils.cpp#459)
2017-04-06 15:44:06.322 Error  The handle is invalid.
 (Utils\Utils.cpp#459)
2017-04-06 15:44:08.738 Error  The handle is invalid.
 (Utils\Utils.cpp#459)
2017-04-06 15:50:37.777 Error  Only part of a ReadProcessMemory or WriteProcessMemory request was completed.
 (Utils\Utils.cpp#459)
2017-04-06 15:52:26.282 Error  Only part of a ReadProcessMemory or WriteProcessMemory request was completed.
 (Utils\Utils.cpp#459)
2017-04-06 15:52:31.019 Error  The handle is invalid.
 (Utils\Utils.cpp#459)
2017-04-06 15:52:35.226 Error  The handle is invalid.
 (Utils\Utils.cpp#459)
2017-04-06 15:52:43.465 Error  The handle is invalid.
 (Utils\Utils.cpp#459)
2017-04-06 15:52:47.209 Error  Only part of a ReadProcessMemory or WriteProcessMemory request was completed.
 (Utils\Utils.cpp#459)
2017-04-06 15:52:47.729 Error  The handle is invalid.
 (Utils\Utils.cpp#459)
2017-04-06 15:52:49.465 Error  The handle is invalid.
 (Utils\Utils.cpp#459)
2017-04-06 15:55:35.346 Error  Only part of a ReadProcessMemory or WriteProcessMemory request was completed.
 (Utils\Utils.cpp#459)
2017-04-06 15:55:35.457 Error  The handle is invalid.
 (Utils\Utils.cpp#459)
2017-04-06 16:24:06.763 Error  The handle is invalid.
 (Utils\Utils.cpp#459)
2017-04-06 16:24:53.197 Error  The handle is invalid.
 (Utils\Utils.cpp#459)
2017-04-06 16:26:38.641 Error  The handle is invalid.
 (Utils\Utils.cpp#459)
2017-04-06 16:26:54.690 Error  The handle is invalid.
 (Utils\Utils.cpp#459)
2017-04-06 16:26:56.578 Error  Only part of a ReadProcessMemory or WriteProcessMemory request was completed.
 (Utils\Utils.cpp#459)
2017-04-06 16:26:57.186 Error  The handle is invalid.
 (Utils\Utils.cpp#459)
2017-04-06 16:27:03.874 Error  The handle is invalid.
 (Utils\Utils.cpp#459)
2017-04-06 16:27:55.397 Error  The handle is invalid.
 (Utils\Utils.cpp#459)
2017-04-06 16:28:04.037 Error  Only part of a ReadProcessMemory or WriteProcessMemory request was completed.
 (Utils\Utils.cpp#459)
2017-04-06 16:28:04.613 Error  The handle is invalid.
 (Utils\Utils.cpp#459)
2017-04-06 16:30:52.620 Error  The handle is invalid.
 (Utils\Utils.cpp#459)
2017-04-06 16:31:12.909 Error  Only part of a ReadProcessMemory or WriteProcessMemory request was completed.
 (Utils\Utils.cpp#459)
2017-04-06 16:31:13.645 Error  The handle is invalid.
 (Utils\Utils.cpp#459)
2017-04-06 16:31:18.429 Error  The handle is invalid.
 (Utils\Utils.cpp#459)
2017-04-06 16:31:29.550 Error  The handle is invalid.
 (Utils\Utils.cpp#459)
2017-04-06 16:31:39.647 Error  Only part of a ReadProcessMemory or WriteProcessMemory request was completed.
 (Utils\Utils.cpp#459)
2017-04-06 16:31:40.415 Error  The handle is invalid.
 (Utils\Utils.cpp#459)
2017-04-06 16:32:42.401 Error  The handle is invalid.
 (Utils\Utils.cpp#459)
2017-04-06 16:32:58.641 Error  Only part of a ReadProcessMemory or WriteProcessMemory request was completed.
 (Utils\Utils.cpp#459)
2017-04-06 16:33:00.274 Error  The handle is invalid.
 (Utils\Utils.cpp#459)
2017-04-06 16:33:06.434 Error  The handle is invalid.
 (Utils\Utils.cpp#459)
2017-04-06 16:33:15.778 Error  The handle is invalid.
 (Utils\Utils.cpp#459)
2017-04-06 16:33:19.282 Error  Only part of a ReadProcessMemory or WriteProcessMemory request was completed.
 (Utils\Utils.cpp#459)
2017-04-06 16:33:19.875 Error  The handle is invalid.
 (Utils\Utils.cpp#459)
2017-04-06 16:33:54.660 Error  The handle is invalid.
 (Utils\Utils.cpp#459)
2017-04-06 16:35:20.520 Error  The handle is invalid.
 (Utils\Utils.cpp#459)
2017-04-06 16:36:04.266 Error  The handle is invalid.
 (Utils\Utils.cpp#459)
2017-04-06 16:39:26.850 Error  The handle is invalid.
 (Utils\Utils.cpp#459)
2017-04-06 16:48:28.329 Error  The handle is invalid.
 (Utils\Utils.cpp#459)
2017-04-06 16:50:17.870 Error  The handle is invalid.
 (Utils\Utils.cpp#459)
2017-04-06 16:50:18.654 Error  Only part of a ReadProcessMemory or WriteProcessMemory request was completed.
 (Utils\Utils.cpp#459)
2017-04-06 16:50:26.574 Error  The handle is invalid.
 (Utils\Utils.cpp#459)
2017-04-06 16:50:27.230 Error  The handle is invalid.
 (Utils\Utils.cpp#459)
2017-04-06 16:50:29.695 Error  Only part of a ReadProcessMemory or WriteProcessMemory request was completed.
 (Utils\Utils.cpp#459)
2017-04-06 16:50:30.335 Error  The handle is invalid.
 (Utils\Utils.cpp#459)
2017-04-06 16:50:34.303 Error  The handle is invalid.
 (Utils\Utils.cpp#459)
2017-04-06 16:50:36.255 Error  Only part of a ReadProcessMemory or WriteProcessMemory request was completed.
 (Utils\Utils.cpp#459)
2017-04-06 16:50:36.815 Error  The handle is invalid.
 (Utils\Utils.cpp#459)
2017-04-06 16:52:09.570 Error  Only part of a ReadProcessMemory or WriteProcessMemory request was completed.
 (Utils\Utils.cpp#459)
2017-04-06 16:52:16.307 Error  Only part of a ReadProcessMemory or WriteProcessMemory request was completed.
 (Utils\Utils.cpp#459)
2017-04-06 16:52:18.723 Error  Only part of a ReadProcessMemory or WriteProcessMemory request was completed.
 (Utils\Utils.cpp#459)
2017-04-06 16:52:21.172 Error  Only part of a ReadProcessMemory or WriteProcessMemory request was completed.
 (Utils\Utils.cpp#459)
2017-04-06 16:52:25.091 Error  The handle is invalid.
 (Utils\Utils.cpp#459)
2017-04-06 16:56:44.575 Error  The handle is invalid.
 (Utils\Utils.cpp#459)
2017-04-06 16:57:46.865 Error  Only part of a ReadProcessMemory or WriteProcessMemory request was completed.
 (Utils\Utils.cpp#459)
2017-04-06 16:59:31.646 Error  Only part of a ReadProcessMemory or WriteProcessMemory request was completed.
 (Utils\Utils.cpp#459)
2017-04-06 16:59:31.662 Error  Only part of a ReadProcessMemory or WriteProcessMemory request was completed.
 (Utils\Utils.cpp#459)
2017-04-06 16:59:35.341 Error  Only part of a ReadProcessMemory or WriteProcessMemory request was completed.
 (Utils\Utils.cpp#459)
2017-04-06 16:59:36.973 Error  Only part of a ReadProcessMemory or WriteProcessMemory request was completed.
 (Utils\Utils.cpp#459)
2017-04-06 16:59:36.989 Error  Only part of a ReadProcessMemory or WriteProcessMemory request was completed.
 (Utils\Utils.cpp#459)
2017-04-06 16:59:39.820 Error  Only part of a ReadProcessMemory or WriteProcessMemory request was completed.
 (Utils\Utils.cpp#459)
2017-04-06 16:59:41.067 Info   Received WM_QUERYENDSESSION.  Exiting... (Main.cpp#208)
2017-04-06 16:59:41.068 Info   Application terminated (Utils\LogFile.cpp#20)
