2017-04-12 14:14:23.608 Info   Starting JoyToKey Ver5.8.2
2017-04-12 14:14:23.608 Info   ExeFile=C:\Users\Etudiant\Dropbox\Projet_CPP\HMI_Project_3D_L8\MyoArmBand_JACO\XBOX\JoyToKey.exe
2017-04-12 14:14:23.608 Info   ConfigDir=C:\Users\Etudiant\Dropbox\Projet_CPP\HMI_Project_3D_L8\MyoArmBand_JACO\XBOX\
2017-04-12 14:14:23.608 Info   IniFile=C:\Users\Etudiant\Dropbox\Projet_CPP\HMI_Project_3D_L8\MyoArmBand_JACO\XBOX\JoyToKey.ini
2017-04-12 14:14:23.608 Info   Windows Version = 6.2
2017-04-12 14:14:23.608 Error  Failed to load VistaAPI.dll (Utils\Utils.cpp#212)
2017-04-12 14:14:23.608 Info   LicenseKey "" is not valid
2017-04-12 14:14:23.655 Info   Loading XInput1_3.dll (Joystick.cpp#126)
2017-04-12 14:14:23.655 Info   Initialized XInput (Joystick.cpp#144)
2017-04-12 14:14:23.671 Info   0 joysticks are detected (Joystick.cpp#166)
2017-04-12 14:14:23.671 Info   ConfigDir=C:\Users\Etudiant\Dropbox\Projet_CPP\HMI_Project_3D_L8\MyoArmBand_JACO\XBOX\*.cfg (ConfigFileManager.cpp#43)
2017-04-12 14:14:23.671 Info   Failed to find AppLink.dat (AppLink\AppLinkManager.cpp#32)
2017-04-12 14:14:23.687 Info   TimerInit: Initializing timer with x1 speed mode (interval = 16 msec)
2017-04-12 14:14:23.718 Info   Starting in a minimized mode (JoyToKey.cpp#36)
2017-04-12 14:15:02.772 Error  Accès refusé.
 (Utils\Utils.cpp#464)
2017-04-12 14:29:16.151 Error  Seule une partie d’une requête ReadProcessMemory ou WriteProcessMemory a été effectuée.
 (Utils\Utils.cpp#459)
2017-04-12 14:37:47.468 Error  Seule une partie d’une requête ReadProcessMemory ou WriteProcessMemory a été effectuée.
 (Utils\Utils.cpp#459)
2017-04-12 14:39:47.519 Error  Seule une partie d’une requête ReadProcessMemory ou WriteProcessMemory a été effectuée.
 (Utils\Utils.cpp#459)
2017-04-12 14:42:47.458 Error  Seule une partie d’une requête ReadProcessMemory ou WriteProcessMemory a été effectuée.
 (Utils\Utils.cpp#459)
2017-04-12 14:43:16.681 Error  Seule une partie d’une requête ReadProcessMemory ou WriteProcessMemory a été effectuée.
 (Utils\Utils.cpp#459)
2017-04-12 14:43:22.862 Error  Seule une partie d’une requête ReadProcessMemory ou WriteProcessMemory a été effectuée.
 (Utils\Utils.cpp#459)
2017-04-12 14:43:30.138 Error  Seule une partie d’une requête ReadProcessMemory ou WriteProcessMemory a été effectuée.
 (Utils\Utils.cpp#459)
2017-04-12 14:46:36.136 Error  Seule une partie d’une requête ReadProcessMemory ou WriteProcessMemory a été effectuée.
 (Utils\Utils.cpp#459)
2017-04-12 14:47:49.223 Error  Seule une partie d’une requête ReadProcessMemory ou WriteProcessMemory a été effectuée.
 (Utils\Utils.cpp#459)
2017-04-12 14:48:07.648 Error  Seule une partie d’une requête ReadProcessMemory ou WriteProcessMemory a été effectuée.
 (Utils\Utils.cpp#459)
2017-04-12 14:48:10.906 Error  Seule une partie d’une requête ReadProcessMemory ou WriteProcessMemory a été effectuée.
 (Utils\Utils.cpp#459)
2017-04-12 14:48:12.390 Error  Seule une partie d’une requête ReadProcessMemory ou WriteProcessMemory a été effectuée.
 (Utils\Utils.cpp#459)
2017-04-12 14:48:14.844 Error  Seule une partie d’une requête ReadProcessMemory ou WriteProcessMemory a été effectuée.
 (Utils\Utils.cpp#459)
2017-04-12 14:48:32.927 Error  Seule une partie d’une requête ReadProcessMemory ou WriteProcessMemory a été effectuée.
 (Utils\Utils.cpp#459)
2017-04-12 14:50:52.141 Error  Seule une partie d’une requête ReadProcessMemory ou WriteProcessMemory a été effectuée.
 (Utils\Utils.cpp#459)
2017-04-12 14:50:52.860 Error  Seule une partie d’une requête ReadProcessMemory ou WriteProcessMemory a été effectuée.
 (Utils\Utils.cpp#459)
2017-04-12 14:50:58.362 Error  Seule une partie d’une requête ReadProcessMemory ou WriteProcessMemory a été effectuée.
 (Utils\Utils.cpp#459)
2017-04-12 14:56:56.448 Error  Seule une partie d’une requête ReadProcessMemory ou WriteProcessMemory a été effectuée.
 (Utils\Utils.cpp#459)
2017-04-12 14:59:35.349 Error  Seule une partie d’une requête ReadProcessMemory ou WriteProcessMemory a été effectuée.
 (Utils\Utils.cpp#459)
2017-04-12 14:59:37.449 Error  Seule une partie d’une requête ReadProcessMemory ou WriteProcessMemory a été effectuée.
 (Utils\Utils.cpp#459)
2017-04-12 15:15:16.435 Error  Seule une partie d’une requête ReadProcessMemory ou WriteProcessMemory a été effectuée.
 (Utils\Utils.cpp#459)
2017-04-12 15:15:23.888 Error  Seule une partie d’une requête ReadProcessMemory ou WriteProcessMemory a été effectuée.
 (Utils\Utils.cpp#459)
2017-04-12 15:15:37.465 Error  Seule une partie d’une requête ReadProcessMemory ou WriteProcessMemory a été effectuée.
 (Utils\Utils.cpp#459)
2017-04-12 15:15:59.274 Error  Seule une partie d’une requête ReadProcessMemory ou WriteProcessMemory a été effectuée.
 (Utils\Utils.cpp#459)
2017-04-12 15:18:58.710 Error  Seule une partie d’une requête ReadProcessMemory ou WriteProcessMemory a été effectuée.
 (Utils\Utils.cpp#459)
2017-04-12 15:19:04.102 Error  Seule une partie d’une requête ReadProcessMemory ou WriteProcessMemory a été effectuée.
 (Utils\Utils.cpp#459)
2017-04-12 15:20:47.419 Error  Seule une partie d’une requête ReadProcessMemory ou WriteProcessMemory a été effectuée.
 (Utils\Utils.cpp#459)
2017-04-12 15:27:29.857 Error  Seule une partie d’une requête ReadProcessMemory ou WriteProcessMemory a été effectuée.
 (Utils\Utils.cpp#459)
2017-04-12 15:29:02.308 Error  Seule une partie d’une requête ReadProcessMemory ou WriteProcessMemory a été effectuée.
 (Utils\Utils.cpp#459)
2017-04-12 15:33:11.493 Error  Seule une partie d’une requête ReadProcessMemory ou WriteProcessMemory a été effectuée.
 (Utils\Utils.cpp#459)
2017-04-12 15:33:17.325 Error  Seule une partie d’une requête ReadProcessMemory ou WriteProcessMemory a été effectuée.
 (Utils\Utils.cpp#459)
2017-04-12 16:11:50.344 Error  Seule une partie d’une requête ReadProcessMemory ou WriteProcessMemory a été effectuée.
 (Utils\Utils.cpp#459)
2017-04-12 16:11:51.974 Error  Seule une partie d’une requête ReadProcessMemory ou WriteProcessMemory a été effectuée.
 (Utils\Utils.cpp#459)
2017-04-12 16:24:46.330 Error  Seule une partie d’une requête ReadProcessMemory ou WriteProcessMemory a été effectuée.
 (Utils\Utils.cpp#459)
2017-04-12 17:03:52.231 Error  Seule une partie d’une requête ReadProcessMemory ou WriteProcessMemory a été effectuée.
 (Utils\Utils.cpp#459)
2017-04-12 17:04:06.968 Error  Seule une partie d’une requête ReadProcessMemory ou WriteProcessMemory a été effectuée.
 (Utils\Utils.cpp#459)
2017-04-12 17:04:34.391 Error  Seule une partie d’une requête ReadProcessMemory ou WriteProcessMemory a été effectuée.
 (Utils\Utils.cpp#459)
2017-04-12 17:04:40.267 Error  Seule une partie d’une requête ReadProcessMemory ou WriteProcessMemory a été effectuée.
 (Utils\Utils.cpp#459)
2017-04-12 17:05:54.615 Error  Seule une partie d’une requête ReadProcessMemory ou WriteProcessMemory a été effectuée.
 (Utils\Utils.cpp#459)
2017-04-12 17:13:15.587 Error  Seule une partie d’une requête ReadProcessMemory ou WriteProcessMemory a été effectuée.
 (Utils\Utils.cpp#459)
2017-04-12 17:20:19.315 Error  Seule une partie d’une requête ReadProcessMemory ou WriteProcessMemory a été effectuée.
 (Utils\Utils.cpp#459)
2017-04-12 17:22:34.521 Error  Seule une partie d’une requête ReadProcessMemory ou WriteProcessMemory a été effectuée.
 (Utils\Utils.cpp#459)
2017-04-12 17:47:54.943 Error  Seule une partie d’une requête ReadProcessMemory ou WriteProcessMemory a été effectuée.
 (Utils\Utils.cpp#459)
2017-04-12 17:48:03.313 Error  Seule une partie d’une requête ReadProcessMemory ou WriteProcessMemory a été effectuée.
 (Utils\Utils.cpp#459)
2017-04-12 17:52:17.927 Error  Seule une partie d’une requête ReadProcessMemory ou WriteProcessMemory a été effectuée.
 (Utils\Utils.cpp#459)
2017-04-12 17:56:43.355 Error  Seule une partie d’une requête ReadProcessMemory ou WriteProcessMemory a été effectuée.
 (Utils\Utils.cpp#459)
2017-04-12 18:04:55.190 Error  Seule une partie d’une requête ReadProcessMemory ou WriteProcessMemory a été effectuée.
 (Utils\Utils.cpp#459)
2017-04-12 18:05:08.294 Error  Seule une partie d’une requête ReadProcessMemory ou WriteProcessMemory a été effectuée.
 (Utils\Utils.cpp#459)
2017-04-12 18:17:34.022 Error  Seule une partie d’une requête ReadProcessMemory ou WriteProcessMemory a été effectuée.
 (Utils\Utils.cpp#459)
2017-04-12 18:20:09.366 Error  Seule une partie d’une requête ReadProcessMemory ou WriteProcessMemory a été effectuée.
 (Utils\Utils.cpp#459)
2017-04-12 18:20:51.334 Error  Seule une partie d’une requête ReadProcessMemory ou WriteProcessMemory a été effectuée.
 (Utils\Utils.cpp#459)
2017-04-12 18:20:56.175 Error  Seule une partie d’une requête ReadProcessMemory ou WriteProcessMemory a été effectuée.
 (Utils\Utils.cpp#459)
2017-04-12 18:20:57.331 Error  Seule une partie d’une requête ReadProcessMemory ou WriteProcessMemory a été effectuée.
 (Utils\Utils.cpp#459)
2017-04-12 18:21:17.404 Error  Seule une partie d’une requête ReadProcessMemory ou WriteProcessMemory a été effectuée.
 (Utils\Utils.cpp#459)
2017-04-12 18:21:44.598 Info   Received PBT_APMSUSPEND: Disabling a timer... (Main.cpp#415)
2017-04-12 22:00:15.292 Info   Received PBT_APMRESUMESUSPEND: Reinitializing joysticks... (Main.cpp#420)
2017-04-12 22:00:15.542 Info   Loading XInput1_3.dll (Joystick.cpp#126)
2017-04-12 22:00:15.901 Info   Initialized XInput (Joystick.cpp#144)
2017-04-12 22:00:30.808 Info   0 joysticks are detected (Joystick.cpp#166)
2017-04-12 22:00:30.917 Info   TimerInit: Initializing timer with x1 speed mode (interval = 16 msec)
2017-04-12 22:01:04.368 Error  Seule une partie d’une requête ReadProcessMemory ou WriteProcessMemory a été effectuée.
 (Utils\Utils.cpp#459)
2017-04-12 22:01:27 Error  Seule une partie d’une requête ReadProcessMemory ou WriteProcessMemory a été effectuée.
 (Utils\Utils.cpp#459)
2017-04-12 22:09:57 Error  Seule une partie d’une requête ReadProcessMemory ou WriteProcessMemory a été effectuée.
 (Utils\Utils.cpp#459)
2017-04-12 22:09:58 Error  Seule une partie d’une requête ReadProcessMemory ou WriteProcessMemory a été effectuée.
 (Utils\Utils.cpp#459)
2017-04-12 22:10:01 Error  Seule une partie d’une requête ReadProcessMemory ou WriteProcessMemory a été effectuée.
 (Utils\Utils.cpp#459)
2017-04-12 22:53:13 Error  Seule une partie d’une requête ReadProcessMemory ou WriteProcessMemory a été effectuée.
 (Utils\Utils.cpp#459)
2017-04-12 22:53:38 Error  Seule une partie d’une requête ReadProcessMemory ou WriteProcessMemory a été effectuée.
 (Utils\Utils.cpp#459)
2017-04-12 23:11:07 Error  Seule une partie d’une requête ReadProcessMemory ou WriteProcessMemory a été effectuée.
 (Utils\Utils.cpp#459)
2017-04-12 23:11:53 Error  Seule une partie d’une requête ReadProcessMemory ou WriteProcessMemory a été effectuée.
 (Utils\Utils.cpp#459)
2017-04-13 00:32:23 Error  Seule une partie d’une requête ReadProcessMemory ou WriteProcessMemory a été effectuée.
 (Utils\Utils.cpp#459)
2017-04-13 00:32:23 Error  Seule une partie d’une requête ReadProcessMemory ou WriteProcessMemory a été effectuée.
 (Utils\Utils.cpp#459)
2017-04-13 01:45:40 Error  Seule une partie d’une requête ReadProcessMemory ou WriteProcessMemory a été effectuée.
 (Utils\Utils.cpp#459)
2017-04-13 01:46:16 Info   Received PBT_APMSUSPEND: Disabling a timer... (Main.cpp#415)
2017-04-13 10:44:10 Info   Received PBT_APMRESUMESUSPEND: Reinitializing joysticks... (Main.cpp#420)
2017-04-13 10:44:10 Info   Loading XInput1_3.dll (Joystick.cpp#126)
2017-04-13 10:44:11 Info   Initialized XInput (Joystick.cpp#144)
2017-04-13 10:44:20 Info   0 joysticks are detected (Joystick.cpp#166)
2017-04-13 10:44:21 Info   TimerInit: Initializing timer with x1 speed mode (interval = 16 msec)
2017-04-13 10:44:47 Error  Seule une partie d’une requête ReadProcessMemory ou WriteProcessMemory a été effectuée.
 (Utils\Utils.cpp#459)
2017-04-13 10:45:13 Error  Seule une partie d’une requête ReadProcessMemory ou WriteProcessMemory a été effectuée.
 (Utils\Utils.cpp#459)
2017-04-13 10:45:14 Error  Seule une partie d’une requête ReadProcessMemory ou WriteProcessMemory a été effectuée.
 (Utils\Utils.cpp#459)
2017-04-13 10:45:47 Error  Seule une partie d’une requête ReadProcessMemory ou WriteProcessMemory a été effectuée.
 (Utils\Utils.cpp#459)
2017-04-13 10:45:55 Error  Seule une partie d’une requête ReadProcessMemory ou WriteProcessMemory a été effectuée.
 (Utils\Utils.cpp#459)
2017-04-13 10:46:19 Error  Seule une partie d’une requête ReadProcessMemory ou WriteProcessMemory a été effectuée.
 (Utils\Utils.cpp#459)
2017-04-13 10:47:05 Error  Accès refusé.
 (Utils\Utils.cpp#464)
2017-04-13 11:29:49 Error  Seule une partie d’une requête ReadProcessMemory ou WriteProcessMemory a été effectuée.
 (Utils\Utils.cpp#459)
2017-04-13 11:30:09 Error  Seule une partie d’une requête ReadProcessMemory ou WriteProcessMemory a été effectuée.
 (Utils\Utils.cpp#459)
2017-04-13 11:30:16 Error  Seule une partie d’une requête ReadProcessMemory ou WriteProcessMemory a été effectuée.
 (Utils\Utils.cpp#459)
2017-04-13 11:30:19 Error  Seule une partie d’une requête ReadProcessMemory ou WriteProcessMemory a été effectuée.
 (Utils\Utils.cpp#459)
2017-04-13 11:30:19 Error  Seule une partie d’une requête ReadProcessMemory ou WriteProcessMemory a été effectuée.
 (Utils\Utils.cpp#459)
2017-04-13 11:32:36 Error  Seule une partie d’une requête ReadProcessMemory ou WriteProcessMemory a été effectuée.
 (Utils\Utils.cpp#459)
2017-04-13 11:32:51 Error  Seule une partie d’une requête ReadProcessMemory ou WriteProcessMemory a été effectuée.
 (Utils\Utils.cpp#459)
2017-04-13 11:32:51 Error  Seule une partie d’une requête ReadProcessMemory ou WriteProcessMemory a été effectuée.
 (Utils\Utils.cpp#459)
2017-04-13 11:33:10 Error  Seule une partie d’une requête ReadProcessMemory ou WriteProcessMemory a été effectuée.
 (Utils\Utils.cpp#459)
2017-04-13 11:33:16 Error  Seule une partie d’une requête ReadProcessMemory ou WriteProcessMemory a été effectuée.
 (Utils\Utils.cpp#459)
2017-04-13 11:33:36 Error  Seule une partie d’une requête ReadProcessMemory ou WriteProcessMemory a été effectuée.
 (Utils\Utils.cpp#459)
2017-04-13 11:39:18 Error  Seule une partie d’une requête ReadProcessMemory ou WriteProcessMemory a été effectuée.
 (Utils\Utils.cpp#459)
2017-04-13 11:40:01 Error  Seule une partie d’une requête ReadProcessMemory ou WriteProcessMemory a été effectuée.
 (Utils\Utils.cpp#459)
2017-04-13 11:40:39 Error  Seule une partie d’une requête ReadProcessMemory ou WriteProcessMemory a été effectuée.
 (Utils\Utils.cpp#459)
2017-04-13 11:40:41 Error  Seule une partie d’une requête ReadProcessMemory ou WriteProcessMemory a été effectuée.
 (Utils\Utils.cpp#459)
2017-04-13 11:40:48 Error  Seule une partie d’une requête ReadProcessMemory ou WriteProcessMemory a été effectuée.
 (Utils\Utils.cpp#459)
2017-04-13 11:43:32 Error  Seule une partie d’une requête ReadProcessMemory ou WriteProcessMemory a été effectuée.
 (Utils\Utils.cpp#459)
2017-04-13 11:44:04 Error  Seule une partie d’une requête ReadProcessMemory ou WriteProcessMemory a été effectuée.
 (Utils\Utils.cpp#459)
2017-04-13 11:44:33 Error  Seule une partie d’une requête ReadProcessMemory ou WriteProcessMemory a été effectuée.
 (Utils\Utils.cpp#459)
2017-04-13 11:44:33 Error  Seule une partie d’une requête ReadProcessMemory ou WriteProcessMemory a été effectuée.
 (Utils\Utils.cpp#459)
2017-04-13 11:44:37 Error  Seule une partie d’une requête ReadProcessMemory ou WriteProcessMemory a été effectuée.
 (Utils\Utils.cpp#459)
2017-04-13 11:44:59 Error  Seule une partie d’une requête ReadProcessMemory ou WriteProcessMemory a été effectuée.
 (Utils\Utils.cpp#459)
2017-04-13 11:45:04 Error  Seule une partie d’une requête ReadProcessMemory ou WriteProcessMemory a été effectuée.
 (Utils\Utils.cpp#459)
2017-04-13 11:45:07 Error  Seule une partie d’une requête ReadProcessMemory ou WriteProcessMemory a été effectuée.
 (Utils\Utils.cpp#459)
2017-04-13 11:45:09 Error  Seule une partie d’une requête ReadProcessMemory ou WriteProcessMemory a été effectuée.
 (Utils\Utils.cpp#459)
2017-04-13 11:47:44 Error  Seule une partie d’une requête ReadProcessMemory ou WriteProcessMemory a été effectuée.
 (Utils\Utils.cpp#459)
2017-04-13 11:48:35 Error  Seule une partie d’une requête ReadProcessMemory ou WriteProcessMemory a été effectuée.
 (Utils\Utils.cpp#459)
2017-04-13 11:48:49 Error  Seule une partie d’une requête ReadProcessMemory ou WriteProcessMemory a été effectuée.
 (Utils\Utils.cpp#459)
2017-04-13 11:48:49 Error  Seule une partie d’une requête ReadProcessMemory ou WriteProcessMemory a été effectuée.
 (Utils\Utils.cpp#459)
2017-04-13 11:48:51 Error  Seule une partie d’une requête ReadProcessMemory ou WriteProcessMemory a été effectuée.
 (Utils\Utils.cpp#459)
2017-04-13 11:50:44 Error  Seule une partie d’une requête ReadProcessMemory ou WriteProcessMemory a été effectuée.
 (Utils\Utils.cpp#459)
2017-04-13 11:50:51 Error  Seule une partie d’une requête ReadProcessMemory ou WriteProcessMemory a été effectuée.
 (Utils\Utils.cpp#459)
2017-04-13 11:51:50 Error  Seule une partie d’une requête ReadProcessMemory ou WriteProcessMemory a été effectuée.
 (Utils\Utils.cpp#459)
2017-04-13 11:51:56 Error  Seule une partie d’une requête ReadProcessMemory ou WriteProcessMemory a été effectuée.
 (Utils\Utils.cpp#459)
2017-04-13 11:51:58 Error  Seule une partie d’une requête ReadProcessMemory ou WriteProcessMemory a été effectuée.
 (Utils\Utils.cpp#459)
2017-04-13 11:52:40 Error  Seule une partie d’une requête ReadProcessMemory ou WriteProcessMemory a été effectuée.
 (Utils\Utils.cpp#459)
2017-04-13 11:52:41 Error  Seule une partie d’une requête ReadProcessMemory ou WriteProcessMemory a été effectuée.
 (Utils\Utils.cpp#459)
2017-04-13 11:53:53 Error  Seule une partie d’une requête ReadProcessMemory ou WriteProcessMemory a été effectuée.
 (Utils\Utils.cpp#459)
2017-04-13 11:53:57 Error  Seule une partie d’une requête ReadProcessMemory ou WriteProcessMemory a été effectuée.
 (Utils\Utils.cpp#459)
2017-04-13 11:53:59 Error  Seule une partie d’une requête ReadProcessMemory ou WriteProcessMemory a été effectuée.
 (Utils\Utils.cpp#459)
2017-04-13 11:54:05 Error  Seule une partie d’une requête ReadProcessMemory ou WriteProcessMemory a été effectuée.
 (Utils\Utils.cpp#459)
2017-04-13 11:54:06 Error  Seule une partie d’une requête ReadProcessMemory ou WriteProcessMemory a été effectuée.
 (Utils\Utils.cpp#459)
2017-04-13 11:54:56 Error  Seule une partie d’une requête ReadProcessMemory ou WriteProcessMemory a été effectuée.
 (Utils\Utils.cpp#459)
2017-04-13 11:54:56 Error  Seule une partie d’une requête ReadProcessMemory ou WriteProcessMemory a été effectuée.
 (Utils\Utils.cpp#459)
2017-04-13 11:55:00 Error  Seule une partie d’une requête ReadProcessMemory ou WriteProcessMemory a été effectuée.
 (Utils\Utils.cpp#459)
2017-04-13 11:55:02 Error  Seule une partie d’une requête ReadProcessMemory ou WriteProcessMemory a été effectuée.
 (Utils\Utils.cpp#459)
2017-04-13 11:55:07 Error  Seule une partie d’une requête ReadProcessMemory ou WriteProcessMemory a été effectuée.
 (Utils\Utils.cpp#459)
2017-04-13 11:55:08 Error  Seule une partie d’une requête ReadProcessMemory ou WriteProcessMemory a été effectuée.
 (Utils\Utils.cpp#459)
2017-04-13 11:55:08 Error  Seule une partie d’une requête ReadProcessMemory ou WriteProcessMemory a été effectuée.
 (Utils\Utils.cpp#459)
2017-04-13 11:55:36 Error  Seule une partie d’une requête ReadProcessMemory ou WriteProcessMemory a été effectuée.
 (Utils\Utils.cpp#459)
2017-04-13 11:55:38 Error  Seule une partie d’une requête ReadProcessMemory ou WriteProcessMemory a été effectuée.
 (Utils\Utils.cpp#459)
2017-04-13 11:56:02 Error  Seule une partie d’une requête ReadProcessMemory ou WriteProcessMemory a été effectuée.
 (Utils\Utils.cpp#459)
2017-04-13 11:56:07 Error  Seule une partie d’une requête ReadProcessMemory ou WriteProcessMemory a été effectuée.
 (Utils\Utils.cpp#459)
2017-04-13 11:56:12 Error  Seule une partie d’une requête ReadProcessMemory ou WriteProcessMemory a été effectuée.
 (Utils\Utils.cpp#459)
2017-04-13 11:56:29 Error  Seule une partie d’une requête ReadProcessMemory ou WriteProcessMemory a été effectuée.
 (Utils\Utils.cpp#459)
2017-04-13 11:56:30 Error  Seule une partie d’une requête ReadProcessMemory ou WriteProcessMemory a été effectuée.
 (Utils\Utils.cpp#459)
2017-04-13 11:56:33 Error  Seule une partie d’une requête ReadProcessMemory ou WriteProcessMemory a été effectuée.
 (Utils\Utils.cpp#459)
2017-04-13 11:56:37 Error  Seule une partie d’une requête ReadProcessMemory ou WriteProcessMemory a été effectuée.
 (Utils\Utils.cpp#459)
2017-04-13 11:56:38 Error  Seule une partie d’une requête ReadProcessMemory ou WriteProcessMemory a été effectuée.
 (Utils\Utils.cpp#459)
2017-04-13 11:56:58 Error  Seule une partie d’une requête ReadProcessMemory ou WriteProcessMemory a été effectuée.
 (Utils\Utils.cpp#459)
2017-04-13 11:57:02 Error  Seule une partie d’une requête ReadProcessMemory ou WriteProcessMemory a été effectuée.
 (Utils\Utils.cpp#459)
2017-04-13 11:57:09 Error  Seule une partie d’une requête ReadProcessMemory ou WriteProcessMemory a été effectuée.
 (Utils\Utils.cpp#459)
2017-04-13 11:57:10 Error  Seule une partie d’une requête ReadProcessMemory ou WriteProcessMemory a été effectuée.
 (Utils\Utils.cpp#459)
2017-04-13 11:58:00 Error  Seule une partie d’une requête ReadProcessMemory ou WriteProcessMemory a été effectuée.
 (Utils\Utils.cpp#459)
2017-04-13 11:58:08 Error  Seule une partie d’une requête ReadProcessMemory ou WriteProcessMemory a été effectuée.
 (Utils\Utils.cpp#459)
2017-04-13 11:58:08 Error  Seule une partie d’une requête ReadProcessMemory ou WriteProcessMemory a été effectuée.
 (Utils\Utils.cpp#459)
2017-04-13 11:58:16 Error  Seule une partie d’une requête ReadProcessMemory ou WriteProcessMemory a été effectuée.
 (Utils\Utils.cpp#459)
2017-04-13 11:58:19 Error  Seule une partie d’une requête ReadProcessMemory ou WriteProcessMemory a été effectuée.
 (Utils\Utils.cpp#459)
2017-04-13 11:58:21 Error  Seule une partie d’une requête ReadProcessMemory ou WriteProcessMemory a été effectuée.
 (Utils\Utils.cpp#459)
2017-04-13 11:58:21 Error  Seule une partie d’une requête ReadProcessMemory ou WriteProcessMemory a été effectuée.
 (Utils\Utils.cpp#459)
2017-04-13 11:58:22 Info   Received WM_QUERYENDSESSION.  Exiting... (Main.cpp#208)
