c:\users\etudiant\dropbox\projet_cpp\hmi_project_3d_l9\myoarmband_jaco\debug\vc120.pdb
c:\users\etudiant\dropbox\projet_cpp\hmi_project_3d_l9\myoarmband_jaco\debug\sensor.obj
c:\users\etudiant\dropbox\projet_cpp\hmi_project_3d_l9\myoarmband_jaco\debug\routine.obj
c:\users\etudiant\dropbox\projet_cpp\hmi_project_3d_l9\myoarmband_jaco\debug\main.obj
c:\users\etudiant\dropbox\projet_cpp\hmi_project_3d_l9\myoarmband_jaco\debug\imu_sensor.obj
c:\users\etudiant\dropbox\projet_cpp\hmi_project_3d_l9\myoarmband_jaco\debug\emg_sensor.obj
c:\users\etudiant\dropbox\projet_cpp\hmi_project_3d_l9\myoarmband_jaco\debug\dislin_scope.obj
c:\users\etudiant\dropbox\projet_cpp\hmi_project_3d_l9\myoarmband_jaco\debug\control_jaco.obj
c:\users\etudiant\dropbox\projet_cpp\hmi_project_3d_l9\myoarmband_jaco\debug\.netframework,version=v4.0.assemblyattributes.obj
c:\users\etudiant\dropbox\projet_cpp\hmi_project_3d_l9\debug\hmi_project_3d.exe
c:\users\etudiant\dropbox\projet_cpp\hmi_project_3d_l9\debug\hmi_project_3d.pdb
c:\users\etudiant\dropbox\projet_cpp\hmi_project_3d_l9\myoarmband_jaco\debug\myoarmband_jaco.vcxprojresolveassemblyreference.cache
c:\users\etudiant\dropbox\projet_cpp\hmi_project_3d_l9\myoarmband_jaco\debug\hmi_project_3d.tlog\cl.command.1.tlog
c:\users\etudiant\dropbox\projet_cpp\hmi_project_3d_l9\myoarmband_jaco\debug\hmi_project_3d.tlog\cl.read.1.tlog
c:\users\etudiant\dropbox\projet_cpp\hmi_project_3d_l9\myoarmband_jaco\debug\hmi_project_3d.tlog\cl.write.1.tlog
c:\users\etudiant\dropbox\projet_cpp\hmi_project_3d_l9\myoarmband_jaco\debug\hmi_project_3d.tlog\link.command.1.tlog
c:\users\etudiant\dropbox\projet_cpp\hmi_project_3d_l9\myoarmband_jaco\debug\hmi_project_3d.tlog\link.read.1.tlog
c:\users\etudiant\dropbox\projet_cpp\hmi_project_3d_l9\myoarmband_jaco\debug\hmi_project_3d.tlog\link.write.1.tlog
c:\users\etudiant\dropbox\projet_cpp\hmi_project_3d_l9\myoarmband_jaco\debug\hmi_project_3d.tlog\metagen.read.1.tlog
c:\users\etudiant\dropbox\projet_cpp\hmi_project_3d_l9\myoarmband_jaco\debug\hmi_project_3d.tlog\metagen.write.1.tlog
c:\users\etudiant\dropbox\projet_cpp\hmi_project_3d_l9\myoarmband_jaco\debug\hmi_project_3d.tlog\tzres.dll.bi
