2017-03-30 18:02:12.172 Info   Starting JoyToKey Ver5.8.2
2017-03-30 18:02:12.172 Info   ExeFile=C:\Users\CLFAL9\Dropbox\Projet_CPP\HMI_Project_3D_L8\MyoArmBand_JACO\XBOX\JoyToKey.exe
2017-03-30 18:02:12.172 Info   ConfigDir=C:\Users\CLFAL9\Dropbox\Projet_CPP\HMI_Project_3D_L8\MyoArmBand_JACO\XBOX\
2017-03-30 18:02:12.172 Info   IniFile=C:\Users\CLFAL9\Dropbox\Projet_CPP\HMI_Project_3D_L8\MyoArmBand_JACO\XBOX\JoyToKey.ini
2017-03-30 18:02:12.172 Info   Windows Version = 6.1
2017-03-30 18:02:12.172 Error  Failed to load VistaAPI.dll (Utils\Utils.cpp#212)
2017-03-30 18:02:12.172 Info   LicenseKey "" is not valid
2017-03-30 18:02:12.220 Info   Loading XInput1_3.dll (Joystick.cpp#126)
2017-03-30 18:02:12.220 Error  Could not load XInput1_3.dll. Trying to load XInput1_4.dll... (Joystick.cpp#130)
2017-03-30 18:02:12.221 Error  Could not load XInput1_4.dll (Joystick.cpp#134)
2017-03-30 18:02:12.224 Info   0 joysticks are detected (Joystick.cpp#166)
2017-03-30 18:02:12.224 Info   ConfigDir=C:\Users\CLFAL9\Dropbox\Projet_CPP\HMI_Project_3D_L8\MyoArmBand_JACO\XBOX\*.cfg (ConfigFileManager.cpp#43)
2017-03-30 18:02:12.226 Info   Failed to find AppLink.dat (AppLink\AppLinkManager.cpp#32)
2017-03-30 18:02:12.235 Info   TimerInit: Initializing timer with x1 speed mode (interval = 16 msec)
2017-03-30 18:02:12.259 Info   Starting in a minimized mode (JoyToKey.cpp#36)
2017-03-30 18:02:45.245 Error  The handle is invalid.
 (Utils\Utils.cpp#459)
2017-03-30 18:03:42.991 Error  The handle is invalid.
 (Utils\Utils.cpp#459)
2017-03-30 18:06:02.565 Error  The handle is invalid.
 (Utils\Utils.cpp#459)
2017-03-30 18:06:10.902 Error  The handle is invalid.
 (Utils\Utils.cpp#459)
2017-03-30 18:06:16.534 Error  Only part of a ReadProcessMemory or WriteProcessMemory request was completed.
 (Utils\Utils.cpp#459)
2017-03-30 18:06:16.630 Error  Only part of a ReadProcessMemory or WriteProcessMemory request was completed.
 (Utils\Utils.cpp#459)
2017-03-30 18:12:41.132 Error  Only part of a ReadProcessMemory or WriteProcessMemory request was completed.
 (Utils\Utils.cpp#459)
2017-03-30 18:12:41.148 Error  Only part of a ReadProcessMemory or WriteProcessMemory request was completed.
 (Utils\Utils.cpp#459)
2017-03-30 18:12:42.555 Error  Only part of a ReadProcessMemory or WriteProcessMemory request was completed.
 (Utils\Utils.cpp#459)
2017-03-30 18:12:42.896 Info   Received WM_QUERYENDSESSION.  Exiting... (Main.cpp#208)
2017-03-30 18:12:42.896 Info   Application terminated (Utils\LogFile.cpp#20)
