2016-11-16 12:36:48.495 Info   Starting JoyToKey Ver5.8.2
2016-11-16 12:36:48.495 Info   ExeFile=C:\Users\Etudiant\Dropbox\Projet_CPP\HMI_Project_IMU_NODE\Debug\XBOX\JoyToKey.exe
2016-11-16 12:36:48.495 Info   ConfigDir=C:\Users\Etudiant\Dropbox\Projet_CPP\HMI_Project_IMU_NODE\Debug\XBOX\
2016-11-16 12:36:48.495 Info   IniFile=C:\Users\Etudiant\Dropbox\Projet_CPP\HMI_Project_IMU_NODE\Debug\XBOX\JoyToKey.ini
2016-11-16 12:36:48.495 Info   Windows Version = 6.2
2016-11-16 12:36:48.502 Error  Failed to load VistaAPI.dll (Utils\Utils.cpp#212)
2016-11-16 12:36:48.522 Info   LicenseKey "" is not valid
2016-11-16 12:36:48.888 Info   Loading XInput1_3.dll (Joystick.cpp#126)
2016-11-16 12:36:48.924 Info   Initialized XInput (Joystick.cpp#144)
2016-11-16 12:36:49.116 Info   0 joysticks are detected (Joystick.cpp#166)
2016-11-16 12:36:49.116 Info   ConfigDir=C:\Users\Etudiant\Dropbox\Projet_CPP\HMI_Project_IMU_NODE\Debug\XBOX\*.cfg (ConfigFileManager.cpp#43)
2016-11-16 12:36:49.155 Info   Failed to find AppLink.dat (AppLink\AppLinkManager.cpp#32)
2016-11-16 12:36:49.206 Info   TimerInit: Initializing timer with x1 speed mode (interval = 16 msec)
2016-11-16 12:36:49.244 Info   Starting in a minimized mode (JoyToKey.cpp#36)
2016-11-16 12:45:41.446 Error  Seule une partie d’une requête ReadProcessMemory ou WriteProcessMemory a été effectuée.
 (Utils\Utils.cpp#459)
2016-11-16 12:47:04.814 Info   Received PBT_APMSUSPEND: Disabling a timer... (Main.cpp#415)
2016-11-16 15:16:45.039 Info   Received PBT_APMRESUMESUSPEND: Reinitializing joysticks... (Main.cpp#420)
2016-11-16 15:16:45.039 Info   Loading XInput1_3.dll (Joystick.cpp#126)
2016-11-16 15:16:45.039 Info   Initialized XInput (Joystick.cpp#144)
2016-11-16 15:16:45.193 Info   0 joysticks are detected (Joystick.cpp#166)
2016-11-16 15:16:45.193 Info   TimerInit: Initializing timer with x1 speed mode (interval = 16 msec)
2016-11-16 15:17:35 Error  Seule une partie d’une requête ReadProcessMemory ou WriteProcessMemory a été effectuée.
 (Utils\Utils.cpp#459)
2016-11-16 15:18:27 Error  Seule une partie d’une requête ReadProcessMemory ou WriteProcessMemory a été effectuée.
 (Utils\Utils.cpp#459)
2016-11-16 15:18:44 Error  Seule une partie d’une requête ReadProcessMemory ou WriteProcessMemory a été effectuée.
 (Utils\Utils.cpp#459)
2016-11-16 15:23:07 Info   Detected a XI joystick: XInput-0
2016-11-16 15:23:08 Info   Preferred index = -1
2016-11-16 15:23:08 Info   DetectJoysticks: Detected 1 XI joystick(s)
2016-11-16 15:23:10 Info   Detected a DI joystick: {263DA050-4F5B-11E6-8001-444553540000}, Controller (XBOX 360 For Windows), Controller (XBOX 360 For Windows)
2016-11-16 15:23:10 Info   It is an XInput device, so skipping...
2016-11-16 15:23:10 Info   Joystick #1: XInput Device #1
2016-11-16 15:23:57 Error  Seule une partie d’une requête ReadProcessMemory ou WriteProcessMemory a été effectuée.
 (Utils\Utils.cpp#459)
2016-11-16 15:24:30 Error  Seule une partie d’une requête ReadProcessMemory ou WriteProcessMemory a été effectuée.
 (Utils\Utils.cpp#459)
2016-11-16 15:25:12 Error  Seule une partie d’une requête ReadProcessMemory ou WriteProcessMemory a été effectuée.
 (Utils\Utils.cpp#459)
2016-11-16 15:25:52 Error  Seule une partie d’une requête ReadProcessMemory ou WriteProcessMemory a été effectuée.
 (Utils\Utils.cpp#459)
2016-11-16 15:26:09 Error  Seule une partie d’une requête ReadProcessMemory ou WriteProcessMemory a été effectuée.
 (Utils\Utils.cpp#459)
2016-11-16 15:26:13 Error  Seule une partie d’une requête ReadProcessMemory ou WriteProcessMemory a été effectuée.
 (Utils\Utils.cpp#459)
2016-11-16 15:26:54 Error  Seule une partie d’une requête ReadProcessMemory ou WriteProcessMemory a été effectuée.
 (Utils\Utils.cpp#459)
2016-11-16 15:27:24 Error  Seule une partie d’une requête ReadProcessMemory ou WriteProcessMemory a été effectuée.
 (Utils\Utils.cpp#459)
2016-11-16 15:27:46 Error  Seule une partie d’une requête ReadProcessMemory ou WriteProcessMemory a été effectuée.
 (Utils\Utils.cpp#459)
2016-11-16 15:53:29 Error  Seule une partie d’une requête ReadProcessMemory ou WriteProcessMemory a été effectuée.
 (Utils\Utils.cpp#459)
2016-11-16 15:53:29 Error  Seule une partie d’une requête ReadProcessMemory ou WriteProcessMemory a été effectuée.
 (Utils\Utils.cpp#459)
2016-11-16 16:00:20 Error  Seule une partie d’une requête ReadProcessMemory ou WriteProcessMemory a été effectuée.
 (Utils\Utils.cpp#459)
2016-11-16 16:09:20 Info   Received PBT_APMSUSPEND: Disabling a timer... (Main.cpp#415)
2016-11-16 19:59:02 Info   Received PBT_APMRESUMESUSPEND: Reinitializing joysticks... (Main.cpp#420)
2016-11-16 19:59:02 Info   Loading XInput1_3.dll (Joystick.cpp#126)
2016-11-16 19:59:02 Info   Initialized XInput (Joystick.cpp#144)
2016-11-16 19:59:05 Info   0 joysticks are detected (Joystick.cpp#166)
2016-11-16 19:59:05 Info   TimerInit: Initializing timer with x1 speed mode (interval = 16 msec)
2016-11-16 20:00:06 Info   Received PBT_APMSUSPEND: Disabling a timer... (Main.cpp#415)
2016-11-16 22:10:41 Info   Received PBT_APMRESUMESUSPEND: Reinitializing joysticks... (Main.cpp#420)
2016-11-16 22:10:41 Info   Loading XInput1_3.dll (Joystick.cpp#126)
2016-11-16 22:10:41 Info   Initialized XInput (Joystick.cpp#144)
2016-11-16 22:10:41 Info   0 joysticks are detected (Joystick.cpp#166)
2016-11-16 22:10:41 Info   TimerInit: Initializing timer with x1 speed mode (interval = 16 msec)
2016-11-16 22:11:10 Error  Seule une partie d’une requête ReadProcessMemory ou WriteProcessMemory a été effectuée.
 (Utils\Utils.cpp#459)
2016-11-16 22:11:13 Info   Application terminated (Utils\LogFile.cpp#20)
