2017-02-06 10:35:12.017 Info   Starting JoyToKey Ver5.8.2
2017-02-06 10:35:12.017 Info   ExeFile=C:\Users\Etudiant\Dropbox\Projet_CPP\HMI_Project_IMU_NODE\Debug\XBOX\JoyToKey.exe
2017-02-06 10:35:12.017 Info   ConfigDir=C:\Users\Etudiant\Dropbox\Projet_CPP\HMI_Project_IMU_NODE\Debug\XBOX\
2017-02-06 10:35:12.017 Info   IniFile=C:\Users\Etudiant\Dropbox\Projet_CPP\HMI_Project_IMU_NODE\Debug\XBOX\JoyToKey.ini
2017-02-06 10:35:12.017 Info   Windows Version = 6.2
2017-02-06 10:35:12.019 Error  Failed to load VistaAPI.dll (Utils\Utils.cpp#212)
2017-02-06 10:35:12.032 Info   LicenseKey "" is not valid
2017-02-06 10:35:12.608 Info   Loading XInput1_3.dll (Joystick.cpp#126)
2017-02-06 10:35:12.651 Info   Initialized XInput (Joystick.cpp#144)
2017-02-06 10:35:12.716 Info   0 joysticks are detected (Joystick.cpp#166)
2017-02-06 10:35:12.716 Info   ConfigDir=C:\Users\Etudiant\Dropbox\Projet_CPP\HMI_Project_IMU_NODE\Debug\XBOX\*.cfg (ConfigFileManager.cpp#43)
2017-02-06 10:35:12.723 Info   Failed to find AppLink.dat (AppLink\AppLinkManager.cpp#32)
2017-02-06 10:35:12.774 Info   TimerInit: Initializing timer with x1 speed mode (interval = 16 msec)
2017-02-06 10:35:12.856 Info   Starting in a minimized mode (JoyToKey.cpp#36)
2017-02-06 10:48:50.310 Error  Seule une partie d’une requête ReadProcessMemory ou WriteProcessMemory a été effectuée.
 (Utils\Utils.cpp#459)
2017-02-06 10:51:25.142 Error  Seule une partie d’une requête ReadProcessMemory ou WriteProcessMemory a été effectuée.
 (Utils\Utils.cpp#459)
2017-02-06 10:51:25.158 Error  Seule une partie d’une requête ReadProcessMemory ou WriteProcessMemory a été effectuée.
 (Utils\Utils.cpp#459)
2017-02-06 10:51:28.918 Error  Seule une partie d’une requête ReadProcessMemory ou WriteProcessMemory a été effectuée.
 (Utils\Utils.cpp#459)
2017-02-06 10:55:40.775 Error  Descripteur non valide
 (Utils\Utils.cpp#459)
2017-02-06 10:55:44.838 Error  Descripteur non valide
 (Utils\Utils.cpp#459)
2017-02-06 10:55:44.854 Error  Descripteur non valide
 (Utils\Utils.cpp#459)
2017-02-06 10:56:40.262 Error  Descripteur non valide
 (Utils\Utils.cpp#459)
2017-02-06 10:59:52.614 Error  Descripteur non valide
 (Utils\Utils.cpp#459)
2017-02-06 11:00:02.102 Error  Seule une partie d’une requête ReadProcessMemory ou WriteProcessMemory a été effectuée.
 (Utils\Utils.cpp#459)
2017-02-06 11:00:04.454 Error  Descripteur non valide
 (Utils\Utils.cpp#459)
2017-02-06 11:00:16.742 Error  Descripteur non valide
 (Utils\Utils.cpp#459)
2017-02-06 11:00:20.838 Error  Seule une partie d’une requête ReadProcessMemory ou WriteProcessMemory a été effectuée.
 (Utils\Utils.cpp#459)
2017-02-06 11:00:21.654 Error  Descripteur non valide
 (Utils\Utils.cpp#459)
2017-02-06 11:00:23.702 Error  Descripteur non valide
 (Utils\Utils.cpp#459)
2017-02-06 11:00:27.398 Error  Descripteur non valide
 (Utils\Utils.cpp#459)
2017-02-06 11:00:37.366 Error  Descripteur non valide
 (Utils\Utils.cpp#459)
2017-02-06 11:01:40.567 Error  Descripteur non valide
 (Utils\Utils.cpp#459)
2017-02-06 11:01:40.934 Error  Descripteur non valide
 (Utils\Utils.cpp#459)
2017-02-06 11:01:42.838 Error  Descripteur non valide
 (Utils\Utils.cpp#459)
2017-02-06 11:01:45.430 Error  Descripteur non valide
 (Utils\Utils.cpp#459)
2017-02-06 11:01:51.846 Error  Descripteur non valide
 (Utils\Utils.cpp#459)
2017-02-06 11:01:52.342 Error  Descripteur non valide
 (Utils\Utils.cpp#459)
2017-02-06 11:02:15.943 Error  Descripteur non valide
 (Utils\Utils.cpp#459)
2017-02-06 11:02:16.230 Error  Descripteur non valide
 (Utils\Utils.cpp#459)
2017-02-06 11:02:18.614 Error  Descripteur non valide
 (Utils\Utils.cpp#459)
2017-02-06 11:14:38.842 Error  Seule une partie d’une requête ReadProcessMemory ou WriteProcessMemory a été effectuée.
 (Utils\Utils.cpp#459)
2017-02-06 11:15:00.315 Error  Seule une partie d’une requête ReadProcessMemory ou WriteProcessMemory a été effectuée.
 (Utils\Utils.cpp#459)
2017-02-06 11:20:31.834 Error  Seule une partie d’une requête ReadProcessMemory ou WriteProcessMemory a été effectuée.
 (Utils\Utils.cpp#459)
2017-02-06 11:20:41.931 Error  Seule une partie d’une requête ReadProcessMemory ou WriteProcessMemory a été effectuée.
 (Utils\Utils.cpp#459)
2017-02-06 11:20:44.939 Error  Seule une partie d’une requête ReadProcessMemory ou WriteProcessMemory a été effectuée.
 (Utils\Utils.cpp#459)
2017-02-06 11:29:32.954 Error  Seule une partie d’une requête ReadProcessMemory ou WriteProcessMemory a été effectuée.
 (Utils\Utils.cpp#459)
2017-02-06 11:29:33.775 Error  Descripteur non valide
 (Utils\Utils.cpp#459)
2017-02-06 11:29:46.554 Error  Descripteur non valide
 (Utils\Utils.cpp#459)
2017-02-06 11:29:51.658 Error  Descripteur non valide
 (Utils\Utils.cpp#459)
2017-02-06 11:29:52.202 Error  Descripteur non valide
 (Utils\Utils.cpp#459)
2017-02-06 11:32:22.298 Error  Descripteur non valide
 (Utils\Utils.cpp#459)
2017-02-06 11:32:22.715 Error  Descripteur non valide
 (Utils\Utils.cpp#459)
2017-02-06 11:41:05.594 Error  Descripteur non valide
 (Utils\Utils.cpp#459)
2017-02-06 11:41:10.010 Error  Seule une partie d’une requête ReadProcessMemory ou WriteProcessMemory a été effectuée.
 (Utils\Utils.cpp#459)
2017-02-06 11:52:47 Error  Descripteur non valide
 (Utils\Utils.cpp#459)
2017-02-06 11:52:53 Error  Seule une partie d’une requête ReadProcessMemory ou WriteProcessMemory a été effectuée.
 (Utils\Utils.cpp#459)
2017-02-06 11:52:57 Error  Descripteur non valide
 (Utils\Utils.cpp#459)
2017-02-06 11:53:02 Error  Seule une partie d’une requête ReadProcessMemory ou WriteProcessMemory a été effectuée.
 (Utils\Utils.cpp#459)
2017-02-06 11:53:03 Error  Seule une partie d’une requête ReadProcessMemory ou WriteProcessMemory a été effectuée.
 (Utils\Utils.cpp#459)
2017-02-06 11:53:04 Error  Seule une partie d’une requête ReadProcessMemory ou WriteProcessMemory a été effectuée.
 (Utils\Utils.cpp#459)
2017-02-06 11:53:13 Info   Received PBT_APMSUSPEND: Disabling a timer... (Main.cpp#415)
2017-02-06 20:03:02 Info   Received PBT_APMRESUMESUSPEND: Reinitializing joysticks... (Main.cpp#420)
2017-02-06 20:03:02 Info   Loading XInput1_3.dll (Joystick.cpp#126)
2017-02-06 20:03:02 Info   Initialized XInput (Joystick.cpp#144)
2017-02-06 20:03:02 Info   0 joysticks are detected (Joystick.cpp#166)
2017-02-06 20:03:02 Info   TimerInit: Initializing timer with x1 speed mode (interval = 16 msec)
2017-02-06 20:04:47 Error  Seule une partie d’une requête ReadProcessMemory ou WriteProcessMemory a été effectuée.
 (Utils\Utils.cpp#459)
2017-02-06 20:04:54 Error  Seule une partie d’une requête ReadProcessMemory ou WriteProcessMemory a été effectuée.
 (Utils\Utils.cpp#459)
2017-02-06 21:12:45 Info   Received PBT_APMSUSPEND: Disabling a timer... (Main.cpp#415)
2017-02-06 22:55:04 Info   Received PBT_APMRESUMESUSPEND: Reinitializing joysticks... (Main.cpp#420)
2017-02-06 22:55:04 Info   Loading XInput1_3.dll (Joystick.cpp#126)
2017-02-06 22:55:04 Info   Initialized XInput (Joystick.cpp#144)
2017-02-06 22:55:04 Info   0 joysticks are detected (Joystick.cpp#166)
2017-02-06 22:55:04 Info   TimerInit: Initializing timer with x1 speed mode (interval = 16 msec)
2017-02-06 23:10:02 Error  Seule une partie d’une requête ReadProcessMemory ou WriteProcessMemory a été effectuée.
 (Utils\Utils.cpp#459)
2017-02-06 23:21:07 Error  Seule une partie d’une requête ReadProcessMemory ou WriteProcessMemory a été effectuée.
 (Utils\Utils.cpp#459)
2017-02-07 00:07:58 Error  Seule une partie d’une requête ReadProcessMemory ou WriteProcessMemory a été effectuée.
 (Utils\Utils.cpp#459)
2017-02-07 00:09:10 Error  Seule une partie d’une requête ReadProcessMemory ou WriteProcessMemory a été effectuée.
 (Utils\Utils.cpp#459)
2017-02-07 00:34:31 Error  Seule une partie d’une requête ReadProcessMemory ou WriteProcessMemory a été effectuée.
 (Utils\Utils.cpp#459)
2017-02-07 00:34:55 Error  Seule une partie d’une requête ReadProcessMemory ou WriteProcessMemory a été effectuée.
 (Utils\Utils.cpp#459)
2017-02-07 00:34:57 Error  Seule une partie d’une requête ReadProcessMemory ou WriteProcessMemory a été effectuée.
 (Utils\Utils.cpp#459)
2017-02-07 00:35:03 Error  Seule une partie d’une requête ReadProcessMemory ou WriteProcessMemory a été effectuée.
 (Utils\Utils.cpp#459)
2017-02-07 00:35:04 Error  Seule une partie d’une requête ReadProcessMemory ou WriteProcessMemory a été effectuée.
 (Utils\Utils.cpp#459)
2017-02-07 00:35:43 Error  Seule une partie d’une requête ReadProcessMemory ou WriteProcessMemory a été effectuée.
 (Utils\Utils.cpp#459)
2017-02-07 00:35:48 Error  Seule une partie d’une requête ReadProcessMemory ou WriteProcessMemory a été effectuée.
 (Utils\Utils.cpp#459)
2017-02-07 00:35:55 Error  Seule une partie d’une requête ReadProcessMemory ou WriteProcessMemory a été effectuée.
 (Utils\Utils.cpp#459)
2017-02-07 00:35:55 Error  Seule une partie d’une requête ReadProcessMemory ou WriteProcessMemory a été effectuée.
 (Utils\Utils.cpp#459)
2017-02-07 00:38:30 Error  Seule une partie d’une requête ReadProcessMemory ou WriteProcessMemory a été effectuée.
 (Utils\Utils.cpp#459)
2017-02-07 00:38:31 Error  Seule une partie d’une requête ReadProcessMemory ou WriteProcessMemory a été effectuée.
 (Utils\Utils.cpp#459)
2017-02-07 00:41:15 Error  Seule une partie d’une requête ReadProcessMemory ou WriteProcessMemory a été effectuée.
 (Utils\Utils.cpp#459)
2017-02-07 00:42:07 Error  Seule une partie d’une requête ReadProcessMemory ou WriteProcessMemory a été effectuée.
 (Utils\Utils.cpp#459)
2017-02-07 00:43:26 Error  Accès refusé.
 (Utils\Utils.cpp#464)
2017-02-07 00:45:10 Error  Seule une partie d’une requête ReadProcessMemory ou WriteProcessMemory a été effectuée.
 (Utils\Utils.cpp#459)
2017-02-07 00:46:57 Error  Seule une partie d’une requête ReadProcessMemory ou WriteProcessMemory a été effectuée.
 (Utils\Utils.cpp#459)
2017-02-07 00:47:02 Error  Seule une partie d’une requête ReadProcessMemory ou WriteProcessMemory a été effectuée.
 (Utils\Utils.cpp#459)
2017-02-07 00:47:08 Error  Seule une partie d’une requête ReadProcessMemory ou WriteProcessMemory a été effectuée.
 (Utils\Utils.cpp#459)
2017-02-07 00:47:08 Error  Seule une partie d’une requête ReadProcessMemory ou WriteProcessMemory a été effectuée.
 (Utils\Utils.cpp#459)
2017-02-07 00:47:11 Error  Seule une partie d’une requête ReadProcessMemory ou WriteProcessMemory a été effectuée.
 (Utils\Utils.cpp#459)
2017-02-07 00:47:37 Error  Seule une partie d’une requête ReadProcessMemory ou WriteProcessMemory a été effectuée.
 (Utils\Utils.cpp#459)
2017-02-07 00:48:47 Error  Seule une partie d’une requête ReadProcessMemory ou WriteProcessMemory a été effectuée.
 (Utils\Utils.cpp#459)
2017-02-07 00:49:11 Error  Accès refusé.
 (Utils\Utils.cpp#464)
2017-02-07 00:49:47 Error  Seule une partie d’une requête ReadProcessMemory ou WriteProcessMemory a été effectuée.
 (Utils\Utils.cpp#459)
2017-02-07 00:52:07 Error  Seule une partie d’une requête ReadProcessMemory ou WriteProcessMemory a été effectuée.
 (Utils\Utils.cpp#459)
2017-02-07 00:53:06 Error  Seule une partie d’une requête ReadProcessMemory ou WriteProcessMemory a été effectuée.
 (Utils\Utils.cpp#459)
2017-02-07 00:53:20 Error  Seule une partie d’une requête ReadProcessMemory ou WriteProcessMemory a été effectuée.
 (Utils\Utils.cpp#459)
2017-02-07 00:54:14 Error  Seule une partie d’une requête ReadProcessMemory ou WriteProcessMemory a été effectuée.
 (Utils\Utils.cpp#459)
2017-02-07 00:55:12 Error  Seule une partie d’une requête ReadProcessMemory ou WriteProcessMemory a été effectuée.
 (Utils\Utils.cpp#459)
2017-02-07 01:01:35 Error  Seule une partie d’une requête ReadProcessMemory ou WriteProcessMemory a été effectuée.
 (Utils\Utils.cpp#459)
2017-02-07 01:10:57 Error  Seule une partie d’une requête ReadProcessMemory ou WriteProcessMemory a été effectuée.
 (Utils\Utils.cpp#459)
2017-02-07 01:10:58 Error  Seule une partie d’une requête ReadProcessMemory ou WriteProcessMemory a été effectuée.
 (Utils\Utils.cpp#459)
2017-02-07 01:11:01 Error  Seule une partie d’une requête ReadProcessMemory ou WriteProcessMemory a été effectuée.
 (Utils\Utils.cpp#459)
2017-02-07 01:16:19 Error  Seule une partie d’une requête ReadProcessMemory ou WriteProcessMemory a été effectuée.
 (Utils\Utils.cpp#459)
2017-02-07 01:18:19 Error  Seule une partie d’une requête ReadProcessMemory ou WriteProcessMemory a été effectuée.
 (Utils\Utils.cpp#459)
2017-02-07 01:18:24 Error  Seule une partie d’une requête ReadProcessMemory ou WriteProcessMemory a été effectuée.
 (Utils\Utils.cpp#459)
2017-02-07 01:23:10 Error  Seule une partie d’une requête ReadProcessMemory ou WriteProcessMemory a été effectuée.
 (Utils\Utils.cpp#459)
2017-02-07 01:23:26 Error  Accès refusé.
 (Utils\Utils.cpp#464)
2017-02-07 01:41:05 Error  Seule une partie d’une requête ReadProcessMemory ou WriteProcessMemory a été effectuée.
 (Utils\Utils.cpp#459)
2017-02-07 01:41:15 Error  Seule une partie d’une requête ReadProcessMemory ou WriteProcessMemory a été effectuée.
 (Utils\Utils.cpp#459)
2017-02-07 01:42:16 Error  Seule une partie d’une requête ReadProcessMemory ou WriteProcessMemory a été effectuée.
 (Utils\Utils.cpp#459)
2017-02-07 01:44:47 Error  Seule une partie d’une requête ReadProcessMemory ou WriteProcessMemory a été effectuée.
 (Utils\Utils.cpp#459)
2017-02-07 01:45:00 Error  Seule une partie d’une requête ReadProcessMemory ou WriteProcessMemory a été effectuée.
 (Utils\Utils.cpp#459)
2017-02-07 01:45:31 Error  Seule une partie d’une requête ReadProcessMemory ou WriteProcessMemory a été effectuée.
 (Utils\Utils.cpp#459)
2017-02-07 01:45:31 Error  Seule une partie d’une requête ReadProcessMemory ou WriteProcessMemory a été effectuée.
 (Utils\Utils.cpp#459)
2017-02-07 01:45:55 Error  Seule une partie d’une requête ReadProcessMemory ou WriteProcessMemory a été effectuée.
 (Utils\Utils.cpp#459)
2017-02-07 01:45:55 Error  Seule une partie d’une requête ReadProcessMemory ou WriteProcessMemory a été effectuée.
 (Utils\Utils.cpp#459)
2017-02-07 01:45:56 Error  Seule une partie d’une requête ReadProcessMemory ou WriteProcessMemory a été effectuée.
 (Utils\Utils.cpp#459)
2017-02-07 01:46:01 Error  Seule une partie d’une requête ReadProcessMemory ou WriteProcessMemory a été effectuée.
 (Utils\Utils.cpp#459)
2017-02-07 01:46:01 Error  Seule une partie d’une requête ReadProcessMemory ou WriteProcessMemory a été effectuée.
 (Utils\Utils.cpp#459)
2017-02-07 01:46:04 Error  Seule une partie d’une requête ReadProcessMemory ou WriteProcessMemory a été effectuée.
 (Utils\Utils.cpp#459)
2017-02-07 01:46:16 Error  Seule une partie d’une requête ReadProcessMemory ou WriteProcessMemory a été effectuée.
 (Utils\Utils.cpp#459)
2017-02-07 01:46:27 Error  Seule une partie d’une requête ReadProcessMemory ou WriteProcessMemory a été effectuée.
 (Utils\Utils.cpp#459)
2017-02-07 01:47:40 Error  Accès refusé.
 (Utils\Utils.cpp#464)
2017-02-07 01:48:49 Error  Seule une partie d’une requête ReadProcessMemory ou WriteProcessMemory a été effectuée.
 (Utils\Utils.cpp#459)
2017-02-07 01:49:06 Error  Seule une partie d’une requête ReadProcessMemory ou WriteProcessMemory a été effectuée.
 (Utils\Utils.cpp#459)
2017-02-07 01:50:38 Error  Seule une partie d’une requête ReadProcessMemory ou WriteProcessMemory a été effectuée.
 (Utils\Utils.cpp#459)
2017-02-07 01:51:15 Error  Seule une partie d’une requête ReadProcessMemory ou WriteProcessMemory a été effectuée.
 (Utils\Utils.cpp#459)
2017-02-07 01:51:28 Error  Seule une partie d’une requête ReadProcessMemory ou WriteProcessMemory a été effectuée.
 (Utils\Utils.cpp#459)
2017-02-07 01:52:11 Error  Seule une partie d’une requête ReadProcessMemory ou WriteProcessMemory a été effectuée.
 (Utils\Utils.cpp#459)
2017-02-07 01:52:28 Error  Seule une partie d’une requête ReadProcessMemory ou WriteProcessMemory a été effectuée.
 (Utils\Utils.cpp#459)
2017-02-07 01:53:46 Error  Seule une partie d’une requête ReadProcessMemory ou WriteProcessMemory a été effectuée.
 (Utils\Utils.cpp#459)
2017-02-07 01:53:46 Error  Seule une partie d’une requête ReadProcessMemory ou WriteProcessMemory a été effectuée.
 (Utils\Utils.cpp#459)
2017-02-07 01:59:08 Error  Accès refusé.
 (Utils\Utils.cpp#464)
2017-02-07 01:59:09 Error  Seule une partie d’une requête ReadProcessMemory ou WriteProcessMemory a été effectuée.
 (Utils\Utils.cpp#459)
2017-02-07 01:59:14 Error  Seule une partie d’une requête ReadProcessMemory ou WriteProcessMemory a été effectuée.
 (Utils\Utils.cpp#459)
2017-02-07 01:59:46 Error  Seule une partie d’une requête ReadProcessMemory ou WriteProcessMemory a été effectuée.
 (Utils\Utils.cpp#459)
2017-02-07 01:59:55 Error  Seule une partie d’une requête ReadProcessMemory ou WriteProcessMemory a été effectuée.
 (Utils\Utils.cpp#459)
2017-02-07 02:00:03 Error  Seule une partie d’une requête ReadProcessMemory ou WriteProcessMemory a été effectuée.
 (Utils\Utils.cpp#459)
2017-02-07 02:00:03 Error  Seule une partie d’une requête ReadProcessMemory ou WriteProcessMemory a été effectuée.
 (Utils\Utils.cpp#459)
2017-02-07 02:00:06 Error  Seule une partie d’une requête ReadProcessMemory ou WriteProcessMemory a été effectuée.
 (Utils\Utils.cpp#459)
2017-02-07 02:00:32 Error  Seule une partie d’une requête ReadProcessMemory ou WriteProcessMemory a été effectuée.
 (Utils\Utils.cpp#459)
2017-02-07 02:00:52 Error  Seule une partie d’une requête ReadProcessMemory ou WriteProcessMemory a été effectuée.
 (Utils\Utils.cpp#459)
2017-02-07 02:00:54 Error  Seule une partie d’une requête ReadProcessMemory ou WriteProcessMemory a été effectuée.
 (Utils\Utils.cpp#459)
2017-02-07 02:00:54 Error  Seule une partie d’une requête ReadProcessMemory ou WriteProcessMemory a été effectuée.
 (Utils\Utils.cpp#459)
2017-02-07 02:01:21 Error  Seule une partie d’une requête ReadProcessMemory ou WriteProcessMemory a été effectuée.
 (Utils\Utils.cpp#459)
2017-02-07 02:01:22 Error  Seule une partie d’une requête ReadProcessMemory ou WriteProcessMemory a été effectuée.
 (Utils\Utils.cpp#459)
2017-02-07 02:01:38 Error  Seule une partie d’une requête ReadProcessMemory ou WriteProcessMemory a été effectuée.
 (Utils\Utils.cpp#459)
2017-02-07 02:01:39 Error  Seule une partie d’une requête ReadProcessMemory ou WriteProcessMemory a été effectuée.
 (Utils\Utils.cpp#459)
2017-02-07 02:01:52 Error  Seule une partie d’une requête ReadProcessMemory ou WriteProcessMemory a été effectuée.
 (Utils\Utils.cpp#459)
2017-02-07 02:01:55 Error  Seule une partie d’une requête ReadProcessMemory ou WriteProcessMemory a été effectuée.
 (Utils\Utils.cpp#459)
2017-02-07 02:02:06 Error  Seule une partie d’une requête ReadProcessMemory ou WriteProcessMemory a été effectuée.
 (Utils\Utils.cpp#459)
2017-02-07 02:02:07 Error  Seule une partie d’une requête ReadProcessMemory ou WriteProcessMemory a été effectuée.
 (Utils\Utils.cpp#459)
2017-02-07 02:02:12 Error  Seule une partie d’une requête ReadProcessMemory ou WriteProcessMemory a été effectuée.
 (Utils\Utils.cpp#459)
2017-02-07 02:02:25 Error  Seule une partie d’une requête ReadProcessMemory ou WriteProcessMemory a été effectuée.
 (Utils\Utils.cpp#459)
2017-02-07 02:02:49 Error  Seule une partie d’une requête ReadProcessMemory ou WriteProcessMemory a été effectuée.
 (Utils\Utils.cpp#459)
2017-02-07 02:03:16 Error  Seule une partie d’une requête ReadProcessMemory ou WriteProcessMemory a été effectuée.
 (Utils\Utils.cpp#459)
2017-02-07 02:03:20 Error  Seule une partie d’une requête ReadProcessMemory ou WriteProcessMemory a été effectuée.
 (Utils\Utils.cpp#459)
2017-02-07 02:03:25 Error  Seule une partie d’une requête ReadProcessMemory ou WriteProcessMemory a été effectuée.
 (Utils\Utils.cpp#459)
2017-02-07 02:04:09 Error  Seule une partie d’une requête ReadProcessMemory ou WriteProcessMemory a été effectuée.
 (Utils\Utils.cpp#459)
2017-02-07 02:04:16 Error  Seule une partie d’une requête ReadProcessMemory ou WriteProcessMemory a été effectuée.
 (Utils\Utils.cpp#459)
2017-02-07 02:04:49 Error  Seule une partie d’une requête ReadProcessMemory ou WriteProcessMemory a été effectuée.
 (Utils\Utils.cpp#459)
2017-02-07 02:04:51 Error  Seule une partie d’une requête ReadProcessMemory ou WriteProcessMemory a été effectuée.
 (Utils\Utils.cpp#459)
2017-02-07 02:06:43 Error  Seule une partie d’une requête ReadProcessMemory ou WriteProcessMemory a été effectuée.
 (Utils\Utils.cpp#459)
2017-02-07 02:06:46 Error  Seule une partie d’une requête ReadProcessMemory ou WriteProcessMemory a été effectuée.
 (Utils\Utils.cpp#459)
2017-02-07 02:11:20 Error  Seule une partie d’une requête ReadProcessMemory ou WriteProcessMemory a été effectuée.
 (Utils\Utils.cpp#459)
2017-02-07 02:11:21 Error  Seule une partie d’une requête ReadProcessMemory ou WriteProcessMemory a été effectuée.
 (Utils\Utils.cpp#459)
2017-02-07 02:11:28 Error  Seule une partie d’une requête ReadProcessMemory ou WriteProcessMemory a été effectuée.
 (Utils\Utils.cpp#459)
2017-02-07 02:11:32 Error  Seule une partie d’une requête ReadProcessMemory ou WriteProcessMemory a été effectuée.
 (Utils\Utils.cpp#459)
2017-02-07 02:11:32 Error  Seule une partie d’une requête ReadProcessMemory ou WriteProcessMemory a été effectuée.
 (Utils\Utils.cpp#459)
2017-02-07 02:11:39 Error  Seule une partie d’une requête ReadProcessMemory ou WriteProcessMemory a été effectuée.
 (Utils\Utils.cpp#459)
2017-02-07 02:11:39 Error  Seule une partie d’une requête ReadProcessMemory ou WriteProcessMemory a été effectuée.
 (Utils\Utils.cpp#459)
2017-02-07 02:11:41 Error  Seule une partie d’une requête ReadProcessMemory ou WriteProcessMemory a été effectuée.
 (Utils\Utils.cpp#459)
2017-02-07 02:11:50 Error  Seule une partie d’une requête ReadProcessMemory ou WriteProcessMemory a été effectuée.
 (Utils\Utils.cpp#459)
2017-02-07 02:14:34 Error  Seule une partie d’une requête ReadProcessMemory ou WriteProcessMemory a été effectuée.
 (Utils\Utils.cpp#459)
2017-02-07 02:14:38 Error  Seule une partie d’une requête ReadProcessMemory ou WriteProcessMemory a été effectuée.
 (Utils\Utils.cpp#459)
2017-02-07 02:14:38 Error  Seule une partie d’une requête ReadProcessMemory ou WriteProcessMemory a été effectuée.
 (Utils\Utils.cpp#459)
2017-02-07 02:14:42 Error  Seule une partie d’une requête ReadProcessMemory ou WriteProcessMemory a été effectuée.
 (Utils\Utils.cpp#459)
2017-02-07 02:14:55 Error  Seule une partie d’une requête ReadProcessMemory ou WriteProcessMemory a été effectuée.
 (Utils\Utils.cpp#459)
2017-02-07 02:15:11 Error  Seule une partie d’une requête ReadProcessMemory ou WriteProcessMemory a été effectuée.
 (Utils\Utils.cpp#459)
2017-02-07 02:15:13 Error  Seule une partie d’une requête ReadProcessMemory ou WriteProcessMemory a été effectuée.
 (Utils\Utils.cpp#459)
2017-02-07 02:15:14 Error  Seule une partie d’une requête ReadProcessMemory ou WriteProcessMemory a été effectuée.
 (Utils\Utils.cpp#459)
2017-02-07 02:15:22 Error  Seule une partie d’une requête ReadProcessMemory ou WriteProcessMemory a été effectuée.
 (Utils\Utils.cpp#459)
2017-02-07 02:15:24 Error  Seule une partie d’une requête ReadProcessMemory ou WriteProcessMemory a été effectuée.
 (Utils\Utils.cpp#459)
2017-02-07 02:16:22 Error  Seule une partie d’une requête ReadProcessMemory ou WriteProcessMemory a été effectuée.
 (Utils\Utils.cpp#459)
2017-02-07 02:16:33 Error  Seule une partie d’une requête ReadProcessMemory ou WriteProcessMemory a été effectuée.
 (Utils\Utils.cpp#459)
2017-02-07 02:16:35 Error  Seule une partie d’une requête ReadProcessMemory ou WriteProcessMemory a été effectuée.
 (Utils\Utils.cpp#459)
2017-02-07 02:24:52 Error  Seule une partie d’une requête ReadProcessMemory ou WriteProcessMemory a été effectuée.
 (Utils\Utils.cpp#459)
2017-02-07 02:24:57 Error  Seule une partie d’une requête ReadProcessMemory ou WriteProcessMemory a été effectuée.
 (Utils\Utils.cpp#459)
2017-02-07 02:25:02 Error  Seule une partie d’une requête ReadProcessMemory ou WriteProcessMemory a été effectuée.
 (Utils\Utils.cpp#459)
2017-02-07 02:26:47 Error  Accès refusé.
 (Utils\Utils.cpp#464)
2017-02-07 02:29:59 Error  Accès refusé.
 (Utils\Utils.cpp#464)
2017-02-07 02:30:07 Error  Seule une partie d’une requête ReadProcessMemory ou WriteProcessMemory a été effectuée.
 (Utils\Utils.cpp#459)
2017-02-07 02:38:20 Error  Seule une partie d’une requête ReadProcessMemory ou WriteProcessMemory a été effectuée.
 (Utils\Utils.cpp#459)
2017-02-07 02:40:42 Error  Seule une partie d’une requête ReadProcessMemory ou WriteProcessMemory a été effectuée.
 (Utils\Utils.cpp#459)
2017-02-07 02:40:47 Error  Seule une partie d’une requête ReadProcessMemory ou WriteProcessMemory a été effectuée.
 (Utils\Utils.cpp#459)
2017-02-07 02:59:29 Error  Seule une partie d’une requête ReadProcessMemory ou WriteProcessMemory a été effectuée.
 (Utils\Utils.cpp#459)
2017-02-07 02:59:29 Error  Seule une partie d’une requête ReadProcessMemory ou WriteProcessMemory a été effectuée.
 (Utils\Utils.cpp#459)
2017-02-07 02:59:39 Error  Seule une partie d’une requête ReadProcessMemory ou WriteProcessMemory a été effectuée.
 (Utils\Utils.cpp#459)
2017-02-07 02:59:45 Error  Seule une partie d’une requête ReadProcessMemory ou WriteProcessMemory a été effectuée.
 (Utils\Utils.cpp#459)
