2017-02-22 16:03:20.943 Info   Starting JoyToKey Ver5.8.2
2017-02-22 16:03:20.943 Info   ExeFile=C:\Users\CLFAL9\Dropbox\Projet_CPP\HMI_Project_3D_L7\Debug\XBOX\JoyToKey.exe
2017-02-22 16:03:20.943 Info   ConfigDir=C:\Users\CLFAL9\Dropbox\Projet_CPP\HMI_Project_3D_L7\Debug\XBOX\
2017-02-22 16:03:20.943 Info   IniFile=C:\Users\CLFAL9\Dropbox\Projet_CPP\HMI_Project_3D_L7\Debug\XBOX\JoyToKey.ini
2017-02-22 16:03:20.943 Info   Windows Version = 6.1
2017-02-22 16:03:20.945 Error  Failed to load VistaAPI.dll (Utils\Utils.cpp#212)
2017-02-22 16:03:20.963 Info   LicenseKey "" is not valid
2017-02-22 16:03:21.263 Info   Loading XInput1_3.dll (Joystick.cpp#126)
2017-02-22 16:03:21.263 Error  Could not load XInput1_3.dll. Trying to load XInput1_4.dll... (Joystick.cpp#130)
2017-02-22 16:03:21.264 Error  Could not load XInput1_4.dll (Joystick.cpp#134)
2017-02-22 16:03:21.285 Info   0 joysticks are detected (Joystick.cpp#166)
2017-02-22 16:03:21.285 Info   ConfigDir=C:\Users\CLFAL9\Dropbox\Projet_CPP\HMI_Project_3D_L7\Debug\XBOX\*.cfg (ConfigFileManager.cpp#43)
2017-02-22 16:03:21.287 Info   Failed to find AppLink.dat (AppLink\AppLinkManager.cpp#32)
2017-02-22 16:03:21.312 Info   TimerInit: Initializing timer with x1 speed mode (interval = 16 msec)
2017-02-22 16:03:21.346 Info   Starting in a minimized mode (JoyToKey.cpp#36)
2017-02-22 16:04:24.499 Error  Only part of a ReadProcessMemory or WriteProcessMemory request was completed.
 (Utils\Utils.cpp#459)
2017-02-22 16:04:26.676 Error  Only part of a ReadProcessMemory or WriteProcessMemory request was completed.
 (Utils\Utils.cpp#459)
2017-02-22 16:04:28.868 Error  Only part of a ReadProcessMemory or WriteProcessMemory request was completed.
 (Utils\Utils.cpp#459)
2017-02-22 16:04:32.019 Error  Only part of a ReadProcessMemory or WriteProcessMemory request was completed.
 (Utils\Utils.cpp#459)
2017-02-22 16:04:39.876 Error  Only part of a ReadProcessMemory or WriteProcessMemory request was completed.
 (Utils\Utils.cpp#459)
2017-02-22 16:05:58.280 Error  Only part of a ReadProcessMemory or WriteProcessMemory request was completed.
 (Utils\Utils.cpp#459)
2017-02-22 16:06:00.983 Error  Only part of a ReadProcessMemory or WriteProcessMemory request was completed.
 (Utils\Utils.cpp#459)
2017-02-22 16:06:24.648 Error  Only part of a ReadProcessMemory or WriteProcessMemory request was completed.
 (Utils\Utils.cpp#459)
2017-02-22 16:07:35.291 Error  Only part of a ReadProcessMemory or WriteProcessMemory request was completed.
 (Utils\Utils.cpp#459)
2017-02-22 16:07:37.212 Error  Only part of a ReadProcessMemory or WriteProcessMemory request was completed.
 (Utils\Utils.cpp#459)
2017-02-22 16:08:21.069 Error  Only part of a ReadProcessMemory or WriteProcessMemory request was completed.
 (Utils\Utils.cpp#459)
2017-02-22 16:08:23.309 Error  Only part of a ReadProcessMemory or WriteProcessMemory request was completed.
 (Utils\Utils.cpp#459)
2017-02-22 16:08:45.502 Error  Only part of a ReadProcessMemory or WriteProcessMemory request was completed.
 (Utils\Utils.cpp#459)
2017-02-22 16:08:46.655 Error  Only part of a ReadProcessMemory or WriteProcessMemory request was completed.
 (Utils\Utils.cpp#459)
2017-02-22 16:10:31.667 Error  Only part of a ReadProcessMemory or WriteProcessMemory request was completed.
 (Utils\Utils.cpp#459)
2017-02-22 16:10:35.571 Error  Only part of a ReadProcessMemory or WriteProcessMemory request was completed.
 (Utils\Utils.cpp#459)
2017-02-22 16:10:37.284 Error  Only part of a ReadProcessMemory or WriteProcessMemory request was completed.
 (Utils\Utils.cpp#459)
2017-02-22 16:10:42.867 Error  Only part of a ReadProcessMemory or WriteProcessMemory request was completed.
 (Utils\Utils.cpp#459)
2017-02-22 16:10:48.388 Error  Only part of a ReadProcessMemory or WriteProcessMemory request was completed.
 (Utils\Utils.cpp#459)
2017-02-22 16:10:59.060 Error  Only part of a ReadProcessMemory or WriteProcessMemory request was completed.
 (Utils\Utils.cpp#459)
2017-02-22 16:12:36.137 Error  Only part of a ReadProcessMemory or WriteProcessMemory request was completed.
 (Utils\Utils.cpp#459)
2017-02-22 16:13:45.243 Error  Only part of a ReadProcessMemory or WriteProcessMemory request was completed.
 (Utils\Utils.cpp#459)
2017-02-22 16:13:47.244 Error  Only part of a ReadProcessMemory or WriteProcessMemory request was completed.
 (Utils\Utils.cpp#459)
2017-02-22 16:14:19.901 Error  Only part of a ReadProcessMemory or WriteProcessMemory request was completed.
 (Utils\Utils.cpp#459)
2017-02-22 16:14:22.029 Error  Only part of a ReadProcessMemory or WriteProcessMemory request was completed.
 (Utils\Utils.cpp#459)
2017-02-22 16:14:36.286 Error  Only part of a ReadProcessMemory or WriteProcessMemory request was completed.
 (Utils\Utils.cpp#459)
2017-02-22 16:14:37.278 Error  Only part of a ReadProcessMemory or WriteProcessMemory request was completed.
 (Utils\Utils.cpp#459)
2017-02-22 16:14:38.558 Error  Only part of a ReadProcessMemory or WriteProcessMemory request was completed.
 (Utils\Utils.cpp#459)
2017-02-22 16:46:55.940 Error  Only part of a ReadProcessMemory or WriteProcessMemory request was completed.
 (Utils\Utils.cpp#459)
2017-02-22 16:47:00.097 Error  The handle is invalid.
 (Utils\Utils.cpp#459)
2017-02-22 16:47:03.108 Error  The handle is invalid.
 (Utils\Utils.cpp#459)
2017-02-22 16:49:01.773 Error  The handle is invalid.
 (Utils\Utils.cpp#459)
2017-02-22 16:49:40.491 Error  Only part of a ReadProcessMemory or WriteProcessMemory request was completed.
 (Utils\Utils.cpp#459)
2017-02-22 18:09:07.208 Error  The handle is invalid.
 (Utils\Utils.cpp#459)
2017-02-22 18:09:07.349 Error  The handle is invalid.
 (Utils\Utils.cpp#459)
2017-02-22 18:09:10.261 Error  Only part of a ReadProcessMemory or WriteProcessMemory request was completed.
 (Utils\Utils.cpp#459)
2017-02-22 18:09:11.396 Error  The handle is invalid.
 (Utils\Utils.cpp#459)
2017-02-22 18:09:14.100 Error  The handle is invalid.
 (Utils\Utils.cpp#459)
2017-02-22 18:09:25.841 Error  Only part of a ReadProcessMemory or WriteProcessMemory request was completed.
 (Utils\Utils.cpp#459)
2017-02-22 18:09:29.072 Error  Only part of a ReadProcessMemory or WriteProcessMemory request was completed.
 (Utils\Utils.cpp#459)
2017-02-22 18:09:29.088 Error  Only part of a ReadProcessMemory or WriteProcessMemory request was completed.
 (Utils\Utils.cpp#459)
2017-02-22 18:09:37.437 Error  Only part of a ReadProcessMemory or WriteProcessMemory request was completed.
 (Utils\Utils.cpp#459)
2017-02-22 18:09:37.991 Info   Received WM_QUERYENDSESSION.  Exiting... (Main.cpp#208)
2017-02-22 18:09:37.991 Info   Application terminated (Utils\LogFile.cpp#20)
